{"C:\\Users\\piter\\OneDrive\\Рабочий стол\\Учеба\\web\\project\\react-intro\\src\\index.js": {"path":"C:\\Users\\piter\\OneDrive\\Рабочий стол\\Учеба\\web\\project\\react-intro\\src\\index.js","statementMap":{"0":{"start":{"line":14,"column":13},"end":{"line":14,"column":65}},"1":{"start":{"line":15,"column":0},"end":{"line":36,"column":2}},"2":{"start":{"line":41,"column":0},"end":{"line":41,"column":18}}},"fnMap":{},"branchMap":{},"s":{"0":0,"1":0,"2":0},"f":{},"b":{}}
,"C:\\Users\\piter\\OneDrive\\Рабочий стол\\Учеба\\web\\project\\react-intro\\src\\components\\footer\\Footer.js": {"path":"C:\\Users\\piter\\OneDrive\\Рабочий стол\\Учеба\\web\\project\\react-intro\\src\\components\\footer\\Footer.js","statementMap":{"0":{"start":{"line":12,"column":8},"end":{"line":12,"column":21}},"1":{"start":{"line":13,"column":8},"end":{"line":13,"column":39}},"2":{"start":{"line":14,"column":8},"end":{"line":14,"column":55}},"3":{"start":{"line":17,"column":30},"end":{"line":17,"column":48}},"4":{"start":{"line":18,"column":8},"end":{"line":27,"column":11}},"5":{"start":{"line":24,"column":12},"end":{"line":26,"column":13}},"6":{"start":{"line":25,"column":16},"end":{"line":25,"column":65}},"7":{"start":{"line":28,"column":8},"end":{"line":28,"column":47}},"8":{"start":{"line":29,"column":8},"end":{"line":29,"column":99}},"9":{"start":{"line":32,"column":8},"end":{"line":69,"column":5}},"10":{"start":{"line":56,"column":45},"end":{"line":56,"column":89}},"11":{"start":{"line":57,"column":45},"end":{"line":57,"column":89}}},"fnMap":{"0":{"name":"(anonymous_0)","decl":{"start":{"line":11,"column":4},"end":{"line":11,"column":5}},"loc":{"start":{"line":11,"column":23},"end":{"line":15,"column":5}},"line":11},"1":{"name":"(anonymous_1)","decl":{"start":{"line":16,"column":4},"end":{"line":16,"column":5}},"loc":{"start":{"line":16,"column":19},"end":{"line":30,"column":5}},"line":16},"2":{"name":"(anonymous_2)","decl":{"start":{"line":23,"column":22},"end":{"line":23,"column":23}},"loc":{"start":{"line":23,"column":39},"end":{"line":27,"column":9}},"line":23},"3":{"name":"(anonymous_3)","decl":{"start":{"line":31,"column":4},"end":{"line":31,"column":5}},"loc":{"start":{"line":31,"column":13},"end":{"line":70,"column":5}},"line":31},"4":{"name":"(anonymous_4)","decl":{"start":{"line":56,"column":38},"end":{"line":56,"column":39}},"loc":{"start":{"line":56,"column":44},"end":{"line":56,"column":90}},"line":56},"5":{"name":"(anonymous_5)","decl":{"start":{"line":57,"column":38},"end":{"line":57,"column":39}},"loc":{"start":{"line":57,"column":44},"end":{"line":57,"column":90}},"line":57}},"branchMap":{"0":{"loc":{"start":{"line":24,"column":12},"end":{"line":26,"column":13}},"type":"if","locations":[{"start":{"line":24,"column":12},"end":{"line":26,"column":13}},{"start":{},"end":{}}],"line":24}},"s":{"0":2,"1":1,"2":1,"3":0,"4":0,"5":0,"6":0,"7":0,"8":0,"9":1,"10":0,"11":0},"f":{"0":2,"1":0,"2":0,"3":1,"4":0,"5":0},"b":{"0":[0,0]},"_coverageSchema":"1a1c01bbd47fc00a2c39e90264f33305004495a9","hash":"ef5672afc9be357954beb7a0fad79bb374fbdf7f"}
,"C:\\Users\\piter\\OneDrive\\Рабочий стол\\Учеба\\web\\project\\react-intro\\src\\components\\header\\Header.js": {"path":"C:\\Users\\piter\\OneDrive\\Рабочий стол\\Учеба\\web\\project\\react-intro\\src\\components\\header\\Header.js","statementMap":{"0":{"start":{"line":9,"column":4},"end":{"line":15,"column":5}},"1":{"start":{"line":19,"column":4},"end":{"line":25,"column":5}},"2":{"start":{"line":29,"column":4},"end":{"line":37,"column":5}}},"fnMap":{"0":{"name":"NavBar","decl":{"start":{"line":8,"column":9},"end":{"line":8,"column":15}},"loc":{"start":{"line":8,"column":18},"end":{"line":16,"column":1}},"line":8},"1":{"name":"RegSigninBtn","decl":{"start":{"line":18,"column":9},"end":{"line":18,"column":21}},"loc":{"start":{"line":18,"column":24},"end":{"line":26,"column":1}},"line":18},"2":{"name":"Header","decl":{"start":{"line":28,"column":9},"end":{"line":28,"column":15}},"loc":{"start":{"line":28,"column":23},"end":{"line":38,"column":1}},"line":28}},"branchMap":{"0":{"loc":{"start":{"line":33,"column":17},"end":{"line":33,"column":43}},"type":"binary-expr","locations":[{"start":{"line":33,"column":17},"end":{"line":33,"column":29}},{"start":{"line":33,"column":33},"end":{"line":33,"column":43}}],"line":33},"1":{"loc":{"start":{"line":34,"column":17},"end":{"line":34,"column":49}},"type":"binary-expr","locations":[{"start":{"line":34,"column":17},"end":{"line":34,"column":29}},{"start":{"line":34,"column":33},"end":{"line":34,"column":49}}],"line":34}},"s":{"0":3,"1":3,"2":3},"f":{"0":3,"1":3,"2":3},"b":{"0":[3,2],"1":[2,2]},"_coverageSchema":"1a1c01bbd47fc00a2c39e90264f33305004495a9","hash":"74457aaad57776f5a36c222482c36ad052347551"}
,"C:\\Users\\piter\\OneDrive\\Рабочий стол\\Учеба\\web\\project\\react-intro\\src\\views\\change_profile\\ChangeProfile.js": {"path":"C:\\Users\\piter\\OneDrive\\Рабочий стол\\Учеба\\web\\project\\react-intro\\src\\views\\change_profile\\ChangeProfile.js","statementMap":{"0":{"start":{"line":16,"column":16},"end":{"line":16,"column":29}},"1":{"start":{"line":17,"column":0},"end":{"line":17,"column":33}},"2":{"start":{"line":20,"column":18},"end":{"line":81,"column":1}},"3":{"start":{"line":21,"column":40},"end":{"line":21,"column":61}},"4":{"start":{"line":24,"column":8},"end":{"line":24,"column":27}},"5":{"start":{"line":25,"column":8},"end":{"line":25,"column":28}},"6":{"start":{"line":26,"column":8},"end":{"line":30,"column":9}},"7":{"start":{"line":27,"column":10},"end":{"line":27,"column":30}},"8":{"start":{"line":28,"column":15},"end":{"line":30,"column":9}},"9":{"start":{"line":29,"column":12},"end":{"line":29,"column":33}},"10":{"start":{"line":33,"column":23},"end":{"line":45,"column":5}},"11":{"start":{"line":34,"column":19},"end":{"line":34,"column":27}},"12":{"start":{"line":35,"column":8},"end":{"line":44,"column":9}},"13":{"start":{"line":36,"column":12},"end":{"line":36,"column":98}},"14":{"start":{"line":37,"column":26},"end":{"line":39,"column":20}},"15":{"start":{"line":38,"column":16},"end":{"line":38,"column":102}},"16":{"start":{"line":40,"column":12},"end":{"line":40,"column":45}},"17":{"start":{"line":40,"column":25},"end":{"line":40,"column":44}},"18":{"start":{"line":42,"column":12},"end":{"line":42,"column":30}},"19":{"start":{"line":43,"column":12},"end":{"line":43,"column":40}},"20":{"start":{"line":48,"column":8},"end":{"line":48,"column":27}},"21":{"start":{"line":49,"column":8},"end":{"line":49,"column":28}},"22":{"start":{"line":50,"column":8},"end":{"line":50,"column":29}},"23":{"start":{"line":51,"column":8},"end":{"line":53,"column":9}},"24":{"start":{"line":52,"column":12},"end":{"line":52,"column":45}},"25":{"start":{"line":57,"column":8},"end":{"line":57,"column":27}},"26":{"start":{"line":58,"column":8},"end":{"line":60,"column":9}},"27":{"start":{"line":59,"column":12},"end":{"line":59,"column":39}},"28":{"start":{"line":63,"column":4},"end":{"line":80,"column":5}},"29":{"start":{"line":65,"column":82},"end":{"line":65,"column":100}},"30":{"start":{"line":85,"column":8},"end":{"line":85,"column":21}},"31":{"start":{"line":86,"column":25},"end":{"line":86,"column":44}},"32":{"start":{"line":87,"column":8},"end":{"line":87,"column":40}},"33":{"start":{"line":88,"column":8},"end":{"line":110,"column":9}},"34":{"start":{"line":113,"column":8},"end":{"line":136,"column":9}},"35":{"start":{"line":114,"column":22},"end":{"line":114,"column":40}},"36":{"start":{"line":115,"column":12},"end":{"line":120,"column":13}},"37":{"start":{"line":121,"column":12},"end":{"line":133,"column":15}},"38":{"start":{"line":122,"column":16},"end":{"line":128,"column":17}},"39":{"start":{"line":123,"column":20},"end":{"line":127,"column":21}},"40":{"start":{"line":124,"column":24},"end":{"line":124,"column":62}},"41":{"start":{"line":126,"column":24},"end":{"line":126,"column":65}},"42":{"start":{"line":130,"column":16},"end":{"line":132,"column":17}},"43":{"start":{"line":131,"column":20},"end":{"line":131,"column":69}},"44":{"start":{"line":135,"column":12},"end":{"line":135,"column":50}},"45":{"start":{"line":138,"column":8},"end":{"line":144,"column":9}},"46":{"start":{"line":145,"column":8},"end":{"line":157,"column":11}},"47":{"start":{"line":146,"column":12},"end":{"line":152,"column":13}},"48":{"start":{"line":147,"column":16},"end":{"line":151,"column":17}},"49":{"start":{"line":148,"column":20},"end":{"line":148,"column":55}},"50":{"start":{"line":150,"column":20},"end":{"line":150,"column":274}},"51":{"start":{"line":154,"column":12},"end":{"line":156,"column":13}},"52":{"start":{"line":155,"column":16},"end":{"line":155,"column":65}},"53":{"start":{"line":159,"column":8},"end":{"line":159,"column":57}},"54":{"start":{"line":160,"column":8},"end":{"line":160,"column":55}},"55":{"start":{"line":161,"column":8},"end":{"line":161,"column":59}},"56":{"start":{"line":162,"column":8},"end":{"line":162,"column":41}},"57":{"start":{"line":164,"column":8},"end":{"line":176,"column":13}},"58":{"start":{"line":171,"column":25},"end":{"line":171,"column":50}},"59":{"start":{"line":172,"column":12},"end":{"line":172,"column":36}},"60":{"start":{"line":175,"column":12},"end":{"line":175,"column":59}},"61":{"start":{"line":179,"column":19},"end":{"line":188,"column":5}},"62":{"start":{"line":180,"column":8},"end":{"line":180,"column":26}},"63":{"start":{"line":181,"column":23},"end":{"line":181,"column":55}},"64":{"start":{"line":182,"column":8},"end":{"line":182,"column":67}},"65":{"start":{"line":183,"column":20},"end":{"line":183,"column":31}},"66":{"start":{"line":184,"column":8},"end":{"line":184,"column":27}},"67":{"start":{"line":185,"column":8},"end":{"line":187,"column":9}},"68":{"start":{"line":186,"column":12},"end":{"line":186,"column":81}},"69":{"start":{"line":190,"column":20},"end":{"line":205,"column":5}},"70":{"start":{"line":191,"column":21},"end":{"line":191,"column":61}},"71":{"start":{"line":192,"column":17},"end":{"line":192,"column":39}},"72":{"start":{"line":193,"column":17},"end":{"line":193,"column":36}},"73":{"start":{"line":194,"column":8},"end":{"line":196,"column":9}},"74":{"start":{"line":195,"column":12},"end":{"line":195,"column":33}},"75":{"start":{"line":197,"column":8},"end":{"line":199,"column":9}},"76":{"start":{"line":198,"column":12},"end":{"line":198,"column":35}},"77":{"start":{"line":200,"column":8},"end":{"line":202,"column":9}},"78":{"start":{"line":201,"column":12},"end":{"line":201,"column":35}},"79":{"start":{"line":203,"column":8},"end":{"line":203,"column":81}},"80":{"start":{"line":204,"column":8},"end":{"line":204,"column":22}},"81":{"start":{"line":207,"column":18},"end":{"line":239,"column":5}},"82":{"start":{"line":208,"column":8},"end":{"line":238,"column":9}},"83":{"start":{"line":209,"column":12},"end":{"line":209,"column":55}},"84":{"start":{"line":210,"column":15},"end":{"line":238,"column":9}},"85":{"start":{"line":211,"column":12},"end":{"line":211,"column":57}},"86":{"start":{"line":212,"column":15},"end":{"line":238,"column":9}},"87":{"start":{"line":213,"column":12},"end":{"line":213,"column":56}},"88":{"start":{"line":214,"column":15},"end":{"line":238,"column":9}},"89":{"start":{"line":215,"column":12},"end":{"line":215,"column":59}},"90":{"start":{"line":216,"column":15},"end":{"line":238,"column":9}},"91":{"start":{"line":217,"column":12},"end":{"line":217,"column":60}},"92":{"start":{"line":218,"column":25},"end":{"line":218,"column":59}},"93":{"start":{"line":219,"column":12},"end":{"line":223,"column":13}},"94":{"start":{"line":220,"column":16},"end":{"line":220,"column":59}},"95":{"start":{"line":222,"column":16},"end":{"line":222,"column":59}},"96":{"start":{"line":224,"column":24},"end":{"line":224,"column":88}},"97":{"start":{"line":225,"column":12},"end":{"line":229,"column":13}},"98":{"start":{"line":226,"column":16},"end":{"line":226,"column":56}},"99":{"start":{"line":228,"column":16},"end":{"line":228,"column":56}},"100":{"start":{"line":230,"column":15},"end":{"line":238,"column":9}},"101":{"start":{"line":231,"column":12},"end":{"line":231,"column":60}},"102":{"start":{"line":232,"column":25},"end":{"line":232,"column":69}},"103":{"start":{"line":233,"column":12},"end":{"line":237,"column":13}},"104":{"start":{"line":234,"column":16},"end":{"line":234,"column":59}},"105":{"start":{"line":236,"column":16},"end":{"line":236,"column":59}},"106":{"start":{"line":241,"column":11},"end":{"line":307,"column":5}},"107":{"start":{"line":242,"column":23},"end":{"line":242,"column":37}},"108":{"start":{"line":243,"column":8},"end":{"line":243,"column":58}},"109":{"start":{"line":244,"column":8},"end":{"line":254,"column":11}},"110":{"start":{"line":251,"column":12},"end":{"line":253,"column":13}},"111":{"start":{"line":252,"column":16},"end":{"line":252,"column":65}},"112":{"start":{"line":255,"column":19},"end":{"line":255,"column":77}},"113":{"start":{"line":256,"column":21},"end":{"line":261,"column":9}},"114":{"start":{"line":262,"column":8},"end":{"line":305,"column":11}},"115":{"start":{"line":263,"column":12},"end":{"line":300,"column":13}},"116":{"start":{"line":264,"column":16},"end":{"line":264,"column":110}},"117":{"start":{"line":265,"column":16},"end":{"line":265,"column":108}},"118":{"start":{"line":266,"column":30},"end":{"line":268,"column":24}},"119":{"start":{"line":267,"column":20},"end":{"line":267,"column":112}},"120":{"start":{"line":269,"column":16},"end":{"line":269,"column":49}},"121":{"start":{"line":269,"column":29},"end":{"line":269,"column":48}},"122":{"start":{"line":271,"column":16},"end":{"line":299,"column":17}},"123":{"start":{"line":272,"column":20},"end":{"line":272,"column":186}},"124":{"start":{"line":273,"column":20},"end":{"line":284,"column":23}},"125":{"start":{"line":274,"column":24},"end":{"line":274,"column":46}},"126":{"start":{"line":275,"column":24},"end":{"line":275,"column":108}},"127":{"start":{"line":276,"column":38},"end":{"line":278,"column":32}},"128":{"start":{"line":277,"column":28},"end":{"line":277,"column":112}},"129":{"start":{"line":279,"column":24},"end":{"line":279,"column":57}},"130":{"start":{"line":279,"column":37},"end":{"line":279,"column":56}},"131":{"start":{"line":281,"column":24},"end":{"line":283,"column":25}},"132":{"start":{"line":282,"column":28},"end":{"line":282,"column":77}},"133":{"start":{"line":285,"column":23},"end":{"line":299,"column":17}},"134":{"start":{"line":286,"column":20},"end":{"line":286,"column":140}},"135":{"start":{"line":287,"column":20},"end":{"line":287,"column":112}},"136":{"start":{"line":288,"column":34},"end":{"line":290,"column":28}},"137":{"start":{"line":289,"column":24},"end":{"line":289,"column":116}},"138":{"start":{"line":291,"column":20},"end":{"line":291,"column":53}},"139":{"start":{"line":291,"column":33},"end":{"line":291,"column":52}},"140":{"start":{"line":292,"column":23},"end":{"line":299,"column":17}},"141":{"start":{"line":293,"column":20},"end":{"line":293,"column":118}},"142":{"start":{"line":294,"column":20},"end":{"line":294,"column":112}},"143":{"start":{"line":295,"column":34},"end":{"line":297,"column":28}},"144":{"start":{"line":296,"column":24},"end":{"line":296,"column":116}},"145":{"start":{"line":298,"column":20},"end":{"line":298,"column":53}},"146":{"start":{"line":298,"column":33},"end":{"line":298,"column":52}},"147":{"start":{"line":302,"column":12},"end":{"line":304,"column":13}},"148":{"start":{"line":303,"column":16},"end":{"line":303,"column":65}},"149":{"start":{"line":310,"column":8},"end":{"line":329,"column":9}},"150":{"start":{"line":311,"column":12},"end":{"line":311,"column":51}},"151":{"start":{"line":312,"column":23},"end":{"line":312,"column":87}},"152":{"start":{"line":313,"column":12},"end":{"line":313,"column":46}},"153":{"start":{"line":314,"column":15},"end":{"line":329,"column":9}},"154":{"start":{"line":315,"column":12},"end":{"line":315,"column":44}},"155":{"start":{"line":316,"column":23},"end":{"line":316,"column":87}},"156":{"start":{"line":317,"column":12},"end":{"line":317,"column":46}},"157":{"start":{"line":319,"column":23},"end":{"line":319,"column":83}},"158":{"start":{"line":320,"column":12},"end":{"line":328,"column":13}},"159":{"start":{"line":321,"column":16},"end":{"line":321,"column":51}},"160":{"start":{"line":322,"column":27},"end":{"line":322,"column":91}},"161":{"start":{"line":323,"column":16},"end":{"line":323,"column":50}},"162":{"start":{"line":325,"column":16},"end":{"line":325,"column":44}},"163":{"start":{"line":326,"column":27},"end":{"line":326,"column":91}},"164":{"start":{"line":327,"column":16},"end":{"line":327,"column":50}},"165":{"start":{"line":333,"column":8},"end":{"line":413,"column":9}},"166":{"start":{"line":418,"column":21},"end":{"line":418,"column":34}},"167":{"start":{"line":419,"column":19},"end":{"line":419,"column":28}},"168":{"start":{"line":421,"column":4},"end":{"line":421,"column":69}}},"fnMap":{"0":{"name":"(anonymous_0)","decl":{"start":{"line":20,"column":18},"end":{"line":20,"column":19}},"loc":{"start":{"line":20,"column":29},"end":{"line":81,"column":1}},"line":20},"1":{"name":"handleDrag","decl":{"start":{"line":23,"column":13},"end":{"line":23,"column":23}},"loc":{"start":{"line":23,"column":28},"end":{"line":31,"column":5}},"line":23},"2":{"name":"(anonymous_2)","decl":{"start":{"line":33,"column":23},"end":{"line":33,"column":24}},"loc":{"start":{"line":33,"column":32},"end":{"line":45,"column":5}},"line":33},"3":{"name":"(anonymous_3)","decl":{"start":{"line":37,"column":37},"end":{"line":37,"column":38}},"loc":{"start":{"line":37,"column":43},"end":{"line":39,"column":13}},"line":37},"4":{"name":"(anonymous_4)","decl":{"start":{"line":40,"column":19},"end":{"line":40,"column":20}},"loc":{"start":{"line":40,"column":25},"end":{"line":40,"column":44}},"line":40},"5":{"name":"handleDrop","decl":{"start":{"line":47,"column":13},"end":{"line":47,"column":23}},"loc":{"start":{"line":47,"column":27},"end":{"line":54,"column":5}},"line":47},"6":{"name":"handleChange","decl":{"start":{"line":56,"column":13},"end":{"line":56,"column":25}},"loc":{"start":{"line":56,"column":29},"end":{"line":61,"column":5}},"line":56},"7":{"name":"(anonymous_7)","decl":{"start":{"line":65,"column":75},"end":{"line":65,"column":76}},"loc":{"start":{"line":65,"column":82},"end":{"line":65,"column":100}},"line":65},"8":{"name":"(anonymous_8)","decl":{"start":{"line":84,"column":4},"end":{"line":84,"column":5}},"loc":{"start":{"line":84,"column":23},"end":{"line":177,"column":5}},"line":84},"9":{"name":"(anonymous_9)","decl":{"start":{"line":121,"column":75},"end":{"line":121,"column":76}},"loc":{"start":{"line":121,"column":94},"end":{"line":129,"column":13}},"line":121},"10":{"name":"(anonymous_10)","decl":{"start":{"line":129,"column":21},"end":{"line":129,"column":22}},"loc":{"start":{"line":129,"column":38},"end":{"line":133,"column":13}},"line":129},"11":{"name":"(anonymous_11)","decl":{"start":{"line":145,"column":76},"end":{"line":145,"column":77}},"loc":{"start":{"line":145,"column":88},"end":{"line":153,"column":9}},"line":145},"12":{"name":"(anonymous_12)","decl":{"start":{"line":153,"column":17},"end":{"line":153,"column":18}},"loc":{"start":{"line":153,"column":34},"end":{"line":157,"column":9}},"line":153},"13":{"name":"(anonymous_13)","decl":{"start":{"line":170,"column":16},"end":{"line":170,"column":17}},"loc":{"start":{"line":170,"column":30},"end":{"line":173,"column":11}},"line":170},"14":{"name":"(anonymous_14)","decl":{"start":{"line":174,"column":17},"end":{"line":174,"column":18}},"loc":{"start":{"line":174,"column":28},"end":{"line":176,"column":11}},"line":174},"15":{"name":"(anonymous_15)","decl":{"start":{"line":179,"column":19},"end":{"line":179,"column":20}},"loc":{"start":{"line":179,"column":29},"end":{"line":188,"column":5}},"line":179},"16":{"name":"(anonymous_16)","decl":{"start":{"line":185,"column":21},"end":{"line":185,"column":22}},"loc":{"start":{"line":185,"column":27},"end":{"line":187,"column":9}},"line":185},"17":{"name":"(anonymous_17)","decl":{"start":{"line":190,"column":20},"end":{"line":190,"column":21}},"loc":{"start":{"line":190,"column":30},"end":{"line":205,"column":5}},"line":190},"18":{"name":"(anonymous_18)","decl":{"start":{"line":207,"column":18},"end":{"line":207,"column":19}},"loc":{"start":{"line":207,"column":25},"end":{"line":239,"column":5}},"line":207},"19":{"name":"(anonymous_19)","decl":{"start":{"line":241,"column":11},"end":{"line":241,"column":12}},"loc":{"start":{"line":241,"column":18},"end":{"line":307,"column":5}},"line":241},"20":{"name":"(anonymous_20)","decl":{"start":{"line":250,"column":17},"end":{"line":250,"column":18}},"loc":{"start":{"line":250,"column":34},"end":{"line":254,"column":9}},"line":250},"21":{"name":"(anonymous_21)","decl":{"start":{"line":262,"column":83},"end":{"line":262,"column":84}},"loc":{"start":{"line":262,"column":95},"end":{"line":301,"column":9}},"line":262},"22":{"name":"(anonymous_22)","decl":{"start":{"line":266,"column":41},"end":{"line":266,"column":42}},"loc":{"start":{"line":266,"column":47},"end":{"line":268,"column":17}},"line":266},"23":{"name":"(anonymous_23)","decl":{"start":{"line":269,"column":23},"end":{"line":269,"column":24}},"loc":{"start":{"line":269,"column":29},"end":{"line":269,"column":48}},"line":269},"24":{"name":"(anonymous_24)","decl":{"start":{"line":273,"column":95},"end":{"line":273,"column":96}},"loc":{"start":{"line":273,"column":107},"end":{"line":280,"column":21}},"line":273},"25":{"name":"(anonymous_25)","decl":{"start":{"line":276,"column":49},"end":{"line":276,"column":50}},"loc":{"start":{"line":276,"column":55},"end":{"line":278,"column":25}},"line":276},"26":{"name":"(anonymous_26)","decl":{"start":{"line":279,"column":31},"end":{"line":279,"column":32}},"loc":{"start":{"line":279,"column":37},"end":{"line":279,"column":56}},"line":279},"27":{"name":"(anonymous_27)","decl":{"start":{"line":280,"column":29},"end":{"line":280,"column":30}},"loc":{"start":{"line":280,"column":46},"end":{"line":284,"column":21}},"line":280},"28":{"name":"(anonymous_28)","decl":{"start":{"line":288,"column":45},"end":{"line":288,"column":46}},"loc":{"start":{"line":288,"column":51},"end":{"line":290,"column":21}},"line":288},"29":{"name":"(anonymous_29)","decl":{"start":{"line":291,"column":27},"end":{"line":291,"column":28}},"loc":{"start":{"line":291,"column":33},"end":{"line":291,"column":52}},"line":291},"30":{"name":"(anonymous_30)","decl":{"start":{"line":295,"column":45},"end":{"line":295,"column":46}},"loc":{"start":{"line":295,"column":51},"end":{"line":297,"column":21}},"line":295},"31":{"name":"(anonymous_31)","decl":{"start":{"line":298,"column":27},"end":{"line":298,"column":28}},"loc":{"start":{"line":298,"column":33},"end":{"line":298,"column":52}},"line":298},"32":{"name":"(anonymous_32)","decl":{"start":{"line":301,"column":17},"end":{"line":301,"column":18}},"loc":{"start":{"line":301,"column":34},"end":{"line":305,"column":9}},"line":301},"33":{"name":"(anonymous_33)","decl":{"start":{"line":309,"column":4},"end":{"line":309,"column":5}},"loc":{"start":{"line":309,"column":18},"end":{"line":330,"column":5}},"line":309},"34":{"name":"(anonymous_34)","decl":{"start":{"line":332,"column":4},"end":{"line":332,"column":5}},"loc":{"start":{"line":332,"column":13},"end":{"line":414,"column":5}},"line":332},"35":{"name":"ChangeProfile","decl":{"start":{"line":417,"column":24},"end":{"line":417,"column":37}},"loc":{"start":{"line":417,"column":40},"end":{"line":422,"column":3}},"line":417}},"branchMap":{"0":{"loc":{"start":{"line":26,"column":8},"end":{"line":30,"column":9}},"type":"if","locations":[{"start":{"line":26,"column":8},"end":{"line":30,"column":9}},{"start":{"line":28,"column":15},"end":{"line":30,"column":9}}],"line":26},"1":{"loc":{"start":{"line":26,"column":12},"end":{"line":26,"column":59}},"type":"binary-expr","locations":[{"start":{"line":26,"column":12},"end":{"line":26,"column":34}},{"start":{"line":26,"column":38},"end":{"line":26,"column":59}}],"line":26},"2":{"loc":{"start":{"line":28,"column":15},"end":{"line":30,"column":9}},"type":"if","locations":[{"start":{"line":28,"column":15},"end":{"line":30,"column":9}},{"start":{},"end":{}}],"line":28},"3":{"loc":{"start":{"line":35,"column":8},"end":{"line":44,"column":9}},"type":"if","locations":[{"start":{"line":35,"column":8},"end":{"line":44,"column":9}},{"start":{"line":41,"column":15},"end":{"line":44,"column":9}}],"line":35},"4":{"loc":{"start":{"line":35,"column":12},"end":{"line":35,"column":93}},"type":"binary-expr","locations":[{"start":{"line":35,"column":12},"end":{"line":35,"column":36}},{"start":{"line":35,"column":40},"end":{"line":35,"column":64}},{"start":{"line":35,"column":68},"end":{"line":35,"column":93}}],"line":35},"5":{"loc":{"start":{"line":51,"column":8},"end":{"line":53,"column":9}},"type":"if","locations":[{"start":{"line":51,"column":8},"end":{"line":53,"column":9}},{"start":{},"end":{}}],"line":51},"6":{"loc":{"start":{"line":51,"column":12},"end":{"line":51,"column":59}},"type":"binary-expr","locations":[{"start":{"line":51,"column":12},"end":{"line":51,"column":32}},{"start":{"line":51,"column":36},"end":{"line":51,"column":59}}],"line":51},"7":{"loc":{"start":{"line":58,"column":8},"end":{"line":60,"column":9}},"type":"if","locations":[{"start":{"line":58,"column":8},"end":{"line":60,"column":9}},{"start":{},"end":{}}],"line":58},"8":{"loc":{"start":{"line":58,"column":12},"end":{"line":58,"column":47}},"type":"binary-expr","locations":[{"start":{"line":58,"column":12},"end":{"line":58,"column":26}},{"start":{"line":58,"column":30},"end":{"line":58,"column":47}}],"line":58},"9":{"loc":{"start":{"line":67,"column":85},"end":{"line":67,"column":116}},"type":"cond-expr","locations":[{"start":{"line":67,"column":98},"end":{"line":67,"column":111}},{"start":{"line":67,"column":114},"end":{"line":67,"column":116}}],"line":67},"10":{"loc":{"start":{"line":73,"column":18},"end":{"line":73,"column":160}},"type":"binary-expr","locations":[{"start":{"line":73,"column":18},"end":{"line":73,"column":28}},{"start":{"line":73,"column":32},"end":{"line":73,"column":160}}],"line":73},"11":{"loc":{"start":{"line":113,"column":8},"end":{"line":136,"column":9}},"type":"if","locations":[{"start":{"line":113,"column":8},"end":{"line":136,"column":9}},{"start":{"line":134,"column":15},"end":{"line":136,"column":9}}],"line":113},"12":{"loc":{"start":{"line":122,"column":16},"end":{"line":128,"column":17}},"type":"if","locations":[{"start":{"line":122,"column":16},"end":{"line":128,"column":17}},{"start":{},"end":{}}],"line":122},"13":{"loc":{"start":{"line":122,"column":20},"end":{"line":122,"column":99}},"type":"binary-expr","locations":[{"start":{"line":122,"column":21},"end":{"line":122,"column":54}},{"start":{"line":122,"column":60},"end":{"line":122,"column":98}}],"line":122},"14":{"loc":{"start":{"line":123,"column":20},"end":{"line":127,"column":21}},"type":"if","locations":[{"start":{"line":123,"column":20},"end":{"line":127,"column":21}},{"start":{"line":125,"column":27},"end":{"line":127,"column":21}}],"line":123},"15":{"loc":{"start":{"line":130,"column":16},"end":{"line":132,"column":17}},"type":"if","locations":[{"start":{"line":130,"column":16},"end":{"line":132,"column":17}},{"start":{},"end":{}}],"line":130},"16":{"loc":{"start":{"line":146,"column":12},"end":{"line":152,"column":13}},"type":"if","locations":[{"start":{"line":146,"column":12},"end":{"line":152,"column":13}},{"start":{},"end":{}}],"line":146},"17":{"loc":{"start":{"line":146,"column":16},"end":{"line":146,"column":95}},"type":"binary-expr","locations":[{"start":{"line":146,"column":17},"end":{"line":146,"column":50}},{"start":{"line":146,"column":56},"end":{"line":146,"column":94}}],"line":146},"18":{"loc":{"start":{"line":147,"column":16},"end":{"line":151,"column":17}},"type":"if","locations":[{"start":{"line":147,"column":16},"end":{"line":151,"column":17}},{"start":{"line":149,"column":23},"end":{"line":151,"column":17}}],"line":147},"19":{"loc":{"start":{"line":154,"column":12},"end":{"line":156,"column":13}},"type":"if","locations":[{"start":{"line":154,"column":12},"end":{"line":156,"column":13}},{"start":{},"end":{}}],"line":154},"20":{"loc":{"start":{"line":194,"column":8},"end":{"line":196,"column":9}},"type":"if","locations":[{"start":{"line":194,"column":8},"end":{"line":196,"column":9}},{"start":{},"end":{}}],"line":194},"21":{"loc":{"start":{"line":197,"column":8},"end":{"line":199,"column":9}},"type":"if","locations":[{"start":{"line":197,"column":8},"end":{"line":199,"column":9}},{"start":{},"end":{}}],"line":197},"22":{"loc":{"start":{"line":200,"column":8},"end":{"line":202,"column":9}},"type":"if","locations":[{"start":{"line":200,"column":8},"end":{"line":202,"column":9}},{"start":{},"end":{}}],"line":200},"23":{"loc":{"start":{"line":208,"column":8},"end":{"line":238,"column":9}},"type":"if","locations":[{"start":{"line":208,"column":8},"end":{"line":238,"column":9}},{"start":{"line":210,"column":15},"end":{"line":238,"column":9}}],"line":208},"24":{"loc":{"start":{"line":210,"column":15},"end":{"line":238,"column":9}},"type":"if","locations":[{"start":{"line":210,"column":15},"end":{"line":238,"column":9}},{"start":{"line":212,"column":15},"end":{"line":238,"column":9}}],"line":210},"25":{"loc":{"start":{"line":212,"column":15},"end":{"line":238,"column":9}},"type":"if","locations":[{"start":{"line":212,"column":15},"end":{"line":238,"column":9}},{"start":{"line":214,"column":15},"end":{"line":238,"column":9}}],"line":212},"26":{"loc":{"start":{"line":214,"column":15},"end":{"line":238,"column":9}},"type":"if","locations":[{"start":{"line":214,"column":15},"end":{"line":238,"column":9}},{"start":{"line":216,"column":15},"end":{"line":238,"column":9}}],"line":214},"27":{"loc":{"start":{"line":216,"column":15},"end":{"line":238,"column":9}},"type":"if","locations":[{"start":{"line":216,"column":15},"end":{"line":238,"column":9}},{"start":{"line":230,"column":15},"end":{"line":238,"column":9}}],"line":216},"28":{"loc":{"start":{"line":219,"column":12},"end":{"line":223,"column":13}},"type":"if","locations":[{"start":{"line":219,"column":12},"end":{"line":223,"column":13}},{"start":{"line":221,"column":19},"end":{"line":223,"column":13}}],"line":219},"29":{"loc":{"start":{"line":219,"column":16},"end":{"line":219,"column":67}},"type":"binary-expr","locations":[{"start":{"line":219,"column":17},"end":{"line":219,"column":28}},{"start":{"line":219,"column":34},"end":{"line":219,"column":47}},{"start":{"line":219,"column":53},"end":{"line":219,"column":66}}],"line":219},"30":{"loc":{"start":{"line":225,"column":12},"end":{"line":229,"column":13}},"type":"if","locations":[{"start":{"line":225,"column":12},"end":{"line":229,"column":13}},{"start":{"line":227,"column":19},"end":{"line":229,"column":13}}],"line":225},"31":{"loc":{"start":{"line":230,"column":15},"end":{"line":238,"column":9}},"type":"if","locations":[{"start":{"line":230,"column":15},"end":{"line":238,"column":9}},{"start":{},"end":{}}],"line":230},"32":{"loc":{"start":{"line":233,"column":12},"end":{"line":237,"column":13}},"type":"if","locations":[{"start":{"line":233,"column":12},"end":{"line":237,"column":13}},{"start":{"line":235,"column":19},"end":{"line":237,"column":13}}],"line":233},"33":{"loc":{"start":{"line":233,"column":16},"end":{"line":233,"column":115}},"type":"binary-expr","locations":[{"start":{"line":233,"column":16},"end":{"line":233,"column":58}},{"start":{"line":233,"column":64},"end":{"line":233,"column":75}},{"start":{"line":233,"column":81},"end":{"line":233,"column":94}},{"start":{"line":233,"column":100},"end":{"line":233,"column":113}}],"line":233},"34":{"loc":{"start":{"line":251,"column":12},"end":{"line":253,"column":13}},"type":"if","locations":[{"start":{"line":251,"column":12},"end":{"line":253,"column":13}},{"start":{},"end":{}}],"line":251},"35":{"loc":{"start":{"line":263,"column":12},"end":{"line":300,"column":13}},"type":"if","locations":[{"start":{"line":263,"column":12},"end":{"line":300,"column":13}},{"start":{"line":270,"column":19},"end":{"line":300,"column":13}}],"line":263},"36":{"loc":{"start":{"line":271,"column":16},"end":{"line":299,"column":17}},"type":"if","locations":[{"start":{"line":271,"column":16},"end":{"line":299,"column":17}},{"start":{"line":285,"column":23},"end":{"line":299,"column":17}}],"line":271},"37":{"loc":{"start":{"line":271,"column":20},"end":{"line":271,"column":201}},"type":"binary-expr","locations":[{"start":{"line":271,"column":21},"end":{"line":271,"column":36}},{"start":{"line":271,"column":40},"end":{"line":271,"column":55}},{"start":{"line":271,"column":59},"end":{"line":271,"column":74}},{"start":{"line":271,"column":78},"end":{"line":271,"column":130}},{"start":{"line":271,"column":136},"end":{"line":271,"column":166}},{"start":{"line":271,"column":170},"end":{"line":271,"column":200}}],"line":271},"38":{"loc":{"start":{"line":281,"column":24},"end":{"line":283,"column":25}},"type":"if","locations":[{"start":{"line":281,"column":24},"end":{"line":283,"column":25}},{"start":{},"end":{}}],"line":281},"39":{"loc":{"start":{"line":285,"column":23},"end":{"line":299,"column":17}},"type":"if","locations":[{"start":{"line":285,"column":23},"end":{"line":299,"column":17}},{"start":{"line":292,"column":23},"end":{"line":299,"column":17}}],"line":285},"40":{"loc":{"start":{"line":285,"column":27},"end":{"line":285,"column":83}},"type":"binary-expr","locations":[{"start":{"line":285,"column":27},"end":{"line":285,"column":43}},{"start":{"line":285,"column":47},"end":{"line":285,"column":63}},{"start":{"line":285,"column":67},"end":{"line":285,"column":83}}],"line":285},"41":{"loc":{"start":{"line":292,"column":23},"end":{"line":299,"column":17}},"type":"if","locations":[{"start":{"line":292,"column":23},"end":{"line":299,"column":17}},{"start":{},"end":{}}],"line":292},"42":{"loc":{"start":{"line":302,"column":12},"end":{"line":304,"column":13}},"type":"if","locations":[{"start":{"line":302,"column":12},"end":{"line":304,"column":13}},{"start":{},"end":{}}],"line":302},"43":{"loc":{"start":{"line":310,"column":8},"end":{"line":329,"column":9}},"type":"if","locations":[{"start":{"line":310,"column":8},"end":{"line":329,"column":9}},{"start":{"line":314,"column":15},"end":{"line":329,"column":9}}],"line":310},"44":{"loc":{"start":{"line":314,"column":15},"end":{"line":329,"column":9}},"type":"if","locations":[{"start":{"line":314,"column":15},"end":{"line":329,"column":9}},{"start":{"line":318,"column":15},"end":{"line":329,"column":9}}],"line":314},"45":{"loc":{"start":{"line":320,"column":12},"end":{"line":328,"column":13}},"type":"if","locations":[{"start":{"line":320,"column":12},"end":{"line":328,"column":13}},{"start":{"line":324,"column":19},"end":{"line":328,"column":13}}],"line":320},"46":{"loc":{"start":{"line":374,"column":42},"end":{"line":374,"column":77}},"type":"cond-expr","locations":[{"start":{"line":374,"column":60},"end":{"line":374,"column":69}},{"start":{"line":374,"column":72},"end":{"line":374,"column":77}}],"line":374},"47":{"loc":{"start":{"line":380,"column":42},"end":{"line":380,"column":77}},"type":"cond-expr","locations":[{"start":{"line":380,"column":60},"end":{"line":380,"column":69}},{"start":{"line":380,"column":72},"end":{"line":380,"column":77}}],"line":380},"48":{"loc":{"start":{"line":386,"column":42},"end":{"line":386,"column":77}},"type":"cond-expr","locations":[{"start":{"line":386,"column":60},"end":{"line":386,"column":69}},{"start":{"line":386,"column":72},"end":{"line":386,"column":77}}],"line":386},"49":{"loc":{"start":{"line":395,"column":154},"end":{"line":395,"column":222}},"type":"cond-expr","locations":[{"start":{"line":395,"column":207},"end":{"line":395,"column":213}},{"start":{"line":395,"column":216},"end":{"line":395,"column":222}}],"line":395},"50":{"loc":{"start":{"line":395,"column":232},"end":{"line":395,"column":301}},"type":"cond-expr","locations":[{"start":{"line":395,"column":286},"end":{"line":395,"column":292}},{"start":{"line":395,"column":295},"end":{"line":395,"column":301}}],"line":395}},"s":{"0":1,"1":1,"2":1,"3":0,"4":0,"5":0,"6":0,"7":0,"8":0,"9":0,"10":0,"11":0,"12":0,"13":0,"14":0,"15":0,"16":0,"17":0,"18":0,"19":0,"20":0,"21":0,"22":0,"23":0,"24":0,"25":0,"26":0,"27":0,"28":0,"29":0,"30":0,"31":0,"32":0,"33":0,"34":0,"35":0,"36":0,"37":0,"38":0,"39":0,"40":0,"41":0,"42":0,"43":0,"44":0,"45":0,"46":0,"47":0,"48":0,"49":0,"50":0,"51":0,"52":0,"53":0,"54":0,"55":0,"56":0,"57":0,"58":0,"59":0,"60":0,"61":0,"62":0,"63":0,"64":0,"65":0,"66":0,"67":0,"68":0,"69":0,"70":0,"71":0,"72":0,"73":0,"74":0,"75":0,"76":0,"77":0,"78":0,"79":0,"80":0,"81":0,"82":0,"83":0,"84":0,"85":0,"86":0,"87":0,"88":0,"89":0,"90":0,"91":0,"92":0,"93":0,"94":0,"95":0,"96":0,"97":0,"98":0,"99":0,"100":0,"101":0,"102":0,"103":0,"104":0,"105":0,"106":0,"107":0,"108":0,"109":0,"110":0,"111":0,"112":0,"113":0,"114":0,"115":0,"116":0,"117":0,"118":0,"119":0,"120":0,"121":0,"122":0,"123":0,"124":0,"125":0,"126":0,"127":0,"128":0,"129":0,"130":0,"131":0,"132":0,"133":0,"134":0,"135":0,"136":0,"137":0,"138":0,"139":0,"140":0,"141":0,"142":0,"143":0,"144":0,"145":0,"146":0,"147":0,"148":0,"149":0,"150":0,"151":0,"152":0,"153":0,"154":0,"155":0,"156":0,"157":0,"158":0,"159":0,"160":0,"161":0,"162":0,"163":0,"164":0,"165":0,"166":0,"167":0,"168":0},"f":{"0":0,"1":0,"2":0,"3":0,"4":0,"5":0,"6":0,"7":0,"8":0,"9":0,"10":0,"11":0,"12":0,"13":0,"14":0,"15":0,"16":0,"17":0,"18":0,"19":0,"20":0,"21":0,"22":0,"23":0,"24":0,"25":0,"26":0,"27":0,"28":0,"29":0,"30":0,"31":0,"32":0,"33":0,"34":0,"35":0},"b":{"0":[0,0],"1":[0,0],"2":[0,0],"3":[0,0],"4":[0,0,0],"5":[0,0],"6":[0,0],"7":[0,0],"8":[0,0],"9":[0,0],"10":[0,0],"11":[0,0],"12":[0,0],"13":[0,0],"14":[0,0],"15":[0,0],"16":[0,0],"17":[0,0],"18":[0,0],"19":[0,0],"20":[0,0],"21":[0,0],"22":[0,0],"23":[0,0],"24":[0,0],"25":[0,0],"26":[0,0],"27":[0,0],"28":[0,0],"29":[0,0,0],"30":[0,0],"31":[0,0],"32":[0,0],"33":[0,0,0,0],"34":[0,0],"35":[0,0],"36":[0,0],"37":[0,0,0,0,0,0],"38":[0,0],"39":[0,0],"40":[0,0,0],"41":[0,0],"42":[0,0],"43":[0,0],"44":[0,0],"45":[0,0],"46":[0,0],"47":[0,0],"48":[0,0],"49":[0,0],"50":[0,0]},"_coverageSchema":"1a1c01bbd47fc00a2c39e90264f33305004495a9","hash":"5789687bedb2cd3eb7b97382bc0f76efda9a99b4"}
,"C:\\Users\\piter\\OneDrive\\Рабочий стол\\Учеба\\web\\project\\react-intro\\src\\views\\error404\\error404.js": {"path":"C:\\Users\\piter\\OneDrive\\Рабочий стол\\Учеба\\web\\project\\react-intro\\src\\views\\error404\\error404.js","statementMap":{"0":{"start":{"line":8,"column":16},"end":{"line":8,"column":29}},"1":{"start":{"line":12,"column":8},"end":{"line":12,"column":21}},"2":{"start":{"line":13,"column":8},"end":{"line":13,"column":61}},"3":{"start":{"line":17,"column":8},"end":{"line":17,"column":62}},"4":{"start":{"line":20,"column":8},"end":{"line":26,"column":9}},"5":{"start":{"line":30,"column":19},"end":{"line":30,"column":32}},"6":{"start":{"line":31,"column":4},"end":{"line":31,"column":48}}},"fnMap":{"0":{"name":"(anonymous_0)","decl":{"start":{"line":11,"column":4},"end":{"line":11,"column":5}},"loc":{"start":{"line":11,"column":23},"end":{"line":14,"column":5}},"line":11},"1":{"name":"(anonymous_1)","decl":{"start":{"line":16,"column":4},"end":{"line":16,"column":5}},"loc":{"start":{"line":16,"column":21},"end":{"line":18,"column":5}},"line":16},"2":{"name":"(anonymous_2)","decl":{"start":{"line":19,"column":4},"end":{"line":19,"column":5}},"loc":{"start":{"line":19,"column":13},"end":{"line":27,"column":5}},"line":19},"3":{"name":"Error404","decl":{"start":{"line":29,"column":9},"end":{"line":29,"column":17}},"loc":{"start":{"line":29,"column":20},"end":{"line":32,"column":1}},"line":29}},"branchMap":{},"s":{"0":1,"1":0,"2":0,"3":0,"4":0,"5":0,"6":0},"f":{"0":0,"1":0,"2":0,"3":0},"b":{},"_coverageSchema":"1a1c01bbd47fc00a2c39e90264f33305004495a9","hash":"fc3489aacfe658c058a876e84bf76705ef613104"}
,"C:\\Users\\piter\\OneDrive\\Рабочий стол\\Учеба\\web\\project\\react-intro\\src\\views\\login\\login.js": {"path":"C:\\Users\\piter\\OneDrive\\Рабочий стол\\Учеба\\web\\project\\react-intro\\src\\views\\login\\login.js","statementMap":{"0":{"start":{"line":15,"column":16},"end":{"line":15,"column":29}},"1":{"start":{"line":20,"column":8},"end":{"line":20,"column":21}},"2":{"start":{"line":21,"column":8},"end":{"line":21,"column":55}},"3":{"start":{"line":22,"column":8},"end":{"line":22,"column":57}},"4":{"start":{"line":23,"column":8},"end":{"line":23,"column":44}},"5":{"start":{"line":24,"column":8},"end":{"line":27,"column":9}},"6":{"start":{"line":30,"column":18},"end":{"line":58,"column":5}},"7":{"start":{"line":31,"column":23},"end":{"line":36,"column":9}},"8":{"start":{"line":37,"column":18},"end":{"line":37,"column":37}},"9":{"start":{"line":38,"column":21},"end":{"line":38,"column":85}},"10":{"start":{"line":39,"column":8},"end":{"line":56,"column":15}},"11":{"start":{"line":40,"column":12},"end":{"line":51,"column":13}},"12":{"start":{"line":41,"column":16},"end":{"line":41,"column":55}},"13":{"start":{"line":42,"column":19},"end":{"line":51,"column":13}},"14":{"start":{"line":43,"column":16},"end":{"line":43,"column":40}},"15":{"start":{"line":44,"column":19},"end":{"line":51,"column":13}},"16":{"start":{"line":46,"column":16},"end":{"line":46,"column":94}},"17":{"start":{"line":47,"column":16},"end":{"line":47,"column":92}},"18":{"start":{"line":48,"column":16},"end":{"line":48,"column":54}},"19":{"start":{"line":50,"column":16},"end":{"line":50,"column":40}},"20":{"start":{"line":53,"column":16},"end":{"line":55,"column":17}},"21":{"start":{"line":54,"column":20},"end":{"line":54,"column":69}},"22":{"start":{"line":60,"column":19},"end":{"line":69,"column":5}},"23":{"start":{"line":61,"column":8},"end":{"line":68,"column":9}},"24":{"start":{"line":63,"column":16},"end":{"line":63,"column":59}},"25":{"start":{"line":64,"column":16},"end":{"line":64,"column":22}},"26":{"start":{"line":66,"column":16},"end":{"line":66,"column":62}},"27":{"start":{"line":67,"column":16},"end":{"line":67,"column":22}},"28":{"start":{"line":72,"column":8},"end":{"line":117,"column":9}},"29":{"start":{"line":123,"column":8},"end":{"line":123,"column":16}},"30":{"start":{"line":124,"column":8},"end":{"line":124,"column":39}},"31":{"start":{"line":125,"column":8},"end":{"line":125,"column":39}},"32":{"start":{"line":126,"column":8},"end":{"line":126,"column":59}},"33":{"start":{"line":127,"column":8},"end":{"line":138,"column":9}},"34":{"start":{"line":142,"column":8},"end":{"line":150,"column":11}},"35":{"start":{"line":155,"column":8},"end":{"line":159,"column":9}},"36":{"start":{"line":164,"column":19},"end":{"line":164,"column":32}},"37":{"start":{"line":165,"column":4},"end":{"line":165,"column":45}}},"fnMap":{"0":{"name":"(anonymous_0)","decl":{"start":{"line":19,"column":4},"end":{"line":19,"column":5}},"loc":{"start":{"line":19,"column":23},"end":{"line":28,"column":5}},"line":19},"1":{"name":"(anonymous_1)","decl":{"start":{"line":30,"column":18},"end":{"line":30,"column":19}},"loc":{"start":{"line":30,"column":27},"end":{"line":58,"column":5}},"line":30},"2":{"name":"(anonymous_2)","decl":{"start":{"line":39,"column":74},"end":{"line":39,"column":75}},"loc":{"start":{"line":39,"column":93},"end":{"line":52,"column":9}},"line":39},"3":{"name":"(anonymous_3)","decl":{"start":{"line":52,"column":17},"end":{"line":52,"column":18}},"loc":{"start":{"line":52,"column":34},"end":{"line":56,"column":13}},"line":52},"4":{"name":"(anonymous_4)","decl":{"start":{"line":60,"column":19},"end":{"line":60,"column":20}},"loc":{"start":{"line":60,"column":28},"end":{"line":69,"column":5}},"line":60},"5":{"name":"(anonymous_5)","decl":{"start":{"line":71,"column":4},"end":{"line":71,"column":5}},"loc":{"start":{"line":71,"column":13},"end":{"line":118,"column":5}},"line":71},"6":{"name":"(anonymous_6)","decl":{"start":{"line":122,"column":4},"end":{"line":122,"column":5}},"loc":{"start":{"line":122,"column":18},"end":{"line":139,"column":5}},"line":122},"7":{"name":"(anonymous_7)","decl":{"start":{"line":141,"column":4},"end":{"line":141,"column":5}},"loc":{"start":{"line":141,"column":21},"end":{"line":152,"column":5}},"line":141},"8":{"name":"(anonymous_8)","decl":{"start":{"line":154,"column":4},"end":{"line":154,"column":5}},"loc":{"start":{"line":154,"column":13},"end":{"line":160,"column":5}},"line":154},"9":{"name":"Login","decl":{"start":{"line":163,"column":24},"end":{"line":163,"column":29}},"loc":{"start":{"line":163,"column":32},"end":{"line":166,"column":1}},"line":163}},"branchMap":{"0":{"loc":{"start":{"line":40,"column":12},"end":{"line":51,"column":13}},"type":"if","locations":[{"start":{"line":40,"column":12},"end":{"line":51,"column":13}},{"start":{"line":42,"column":19},"end":{"line":51,"column":13}}],"line":40},"1":{"loc":{"start":{"line":40,"column":16},"end":{"line":40,"column":123}},"type":"binary-expr","locations":[{"start":{"line":40,"column":16},"end":{"line":40,"column":49}},{"start":{"line":40,"column":53},"end":{"line":40,"column":91}},{"start":{"line":40,"column":95},"end":{"line":40,"column":123}}],"line":40},"2":{"loc":{"start":{"line":42,"column":19},"end":{"line":51,"column":13}},"type":"if","locations":[{"start":{"line":42,"column":19},"end":{"line":51,"column":13}},{"start":{"line":44,"column":19},"end":{"line":51,"column":13}}],"line":42},"3":{"loc":{"start":{"line":42,"column":24},"end":{"line":42,"column":131}},"type":"binary-expr","locations":[{"start":{"line":42,"column":24},"end":{"line":42,"column":57}},{"start":{"line":42,"column":61},"end":{"line":42,"column":99}},{"start":{"line":42,"column":103},"end":{"line":42,"column":131}}],"line":42},"4":{"loc":{"start":{"line":44,"column":19},"end":{"line":51,"column":13}},"type":"if","locations":[{"start":{"line":44,"column":19},"end":{"line":51,"column":13}},{"start":{"line":49,"column":19},"end":{"line":51,"column":13}}],"line":44},"5":{"loc":{"start":{"line":44,"column":23},"end":{"line":44,"column":146}},"type":"binary-expr","locations":[{"start":{"line":44,"column":23},"end":{"line":44,"column":56}},{"start":{"line":44,"column":60},"end":{"line":44,"column":98}},{"start":{"line":44,"column":102},"end":{"line":44,"column":146}}],"line":44},"6":{"loc":{"start":{"line":53,"column":16},"end":{"line":55,"column":17}},"type":"if","locations":[{"start":{"line":53,"column":16},"end":{"line":55,"column":17}},{"start":{},"end":{}}],"line":53},"7":{"loc":{"start":{"line":61,"column":8},"end":{"line":68,"column":9}},"type":"switch","locations":[{"start":{"line":62,"column":12},"end":{"line":64,"column":22}},{"start":{"line":65,"column":12},"end":{"line":67,"column":22}}],"line":61}},"s":{"0":1,"1":0,"2":0,"3":0,"4":0,"5":0,"6":0,"7":0,"8":0,"9":0,"10":0,"11":0,"12":0,"13":0,"14":0,"15":0,"16":0,"17":0,"18":0,"19":0,"20":0,"21":0,"22":0,"23":0,"24":0,"25":0,"26":0,"27":0,"28":0,"29":0,"30":0,"31":0,"32":0,"33":0,"34":0,"35":0,"36":0,"37":0},"f":{"0":0,"1":0,"2":0,"3":0,"4":0,"5":0,"6":0,"7":0,"8":0,"9":0},"b":{"0":[0,0],"1":[0,0,0],"2":[0,0],"3":[0,0,0],"4":[0,0],"5":[0,0,0],"6":[0,0],"7":[0,0]},"_coverageSchema":"1a1c01bbd47fc00a2c39e90264f33305004495a9","hash":"eebab81363a67b795134c112851a11de8e1f7e91"}
,"C:\\Users\\piter\\OneDrive\\Рабочий стол\\Учеба\\web\\project\\react-intro\\src\\views\\main\\mainNotLogged.js": {"path":"C:\\Users\\piter\\OneDrive\\Рабочий стол\\Учеба\\web\\project\\react-intro\\src\\views\\main\\mainNotLogged.js","statementMap":{"0":{"start":{"line":36,"column":16},"end":{"line":36,"column":29}},"1":{"start":{"line":40,"column":17},"end":{"line":40,"column":30}},"2":{"start":{"line":41,"column":2},"end":{"line":41,"column":32}},"3":{"start":{"line":42,"column":2},"end":{"line":61,"column":3}},"4":{"start":{"line":43,"column":12},"end":{"line":43,"column":30}},"5":{"start":{"line":44,"column":17},"end":{"line":49,"column":5}},"6":{"start":{"line":50,"column":4},"end":{"line":60,"column":7}},"7":{"start":{"line":51,"column":6},"end":{"line":55,"column":7}},"8":{"start":{"line":52,"column":8},"end":{"line":54,"column":9}},"9":{"start":{"line":53,"column":10},"end":{"line":53,"column":47}},"10":{"start":{"line":57,"column":6},"end":{"line":59,"column":7}},"11":{"start":{"line":58,"column":8},"end":{"line":58,"column":57}},"12":{"start":{"line":62,"column":4},"end":{"line":568,"column":4}}},"fnMap":{"0":{"name":"MainNotLoggedIn","decl":{"start":{"line":39,"column":9},"end":{"line":39,"column":24}},"loc":{"start":{"line":39,"column":32},"end":{"line":569,"column":1}},"line":39},"1":{"name":"(anonymous_1)","decl":{"start":{"line":50,"column":67},"end":{"line":50,"column":68}},"loc":{"start":{"line":50,"column":86},"end":{"line":56,"column":5}},"line":50},"2":{"name":"(anonymous_2)","decl":{"start":{"line":56,"column":13},"end":{"line":56,"column":14}},"loc":{"start":{"line":56,"column":30},"end":{"line":60,"column":5}},"line":56}},"branchMap":{"0":{"loc":{"start":{"line":42,"column":2},"end":{"line":61,"column":3}},"type":"if","locations":[{"start":{"line":42,"column":2},"end":{"line":61,"column":3}},{"start":{},"end":{}}],"line":42},"1":{"loc":{"start":{"line":51,"column":6},"end":{"line":55,"column":7}},"type":"if","locations":[{"start":{"line":51,"column":6},"end":{"line":55,"column":7}},{"start":{},"end":{}}],"line":51},"2":{"loc":{"start":{"line":51,"column":10},"end":{"line":51,"column":89}},"type":"binary-expr","locations":[{"start":{"line":51,"column":11},"end":{"line":51,"column":44}},{"start":{"line":51,"column":50},"end":{"line":51,"column":88}}],"line":51},"3":{"loc":{"start":{"line":52,"column":8},"end":{"line":54,"column":9}},"type":"if","locations":[{"start":{"line":52,"column":8},"end":{"line":54,"column":9}},{"start":{},"end":{}}],"line":52},"4":{"loc":{"start":{"line":57,"column":6},"end":{"line":59,"column":7}},"type":"if","locations":[{"start":{"line":57,"column":6},"end":{"line":59,"column":7}},{"start":{},"end":{}}],"line":57}},"s":{"0":1,"1":2,"2":1,"3":1,"4":0,"5":0,"6":0,"7":0,"8":0,"9":0,"10":0,"11":0,"12":1},"f":{"0":2,"1":0,"2":0},"b":{"0":[0,1],"1":[0,0],"2":[0,0],"3":[0,0],"4":[0,0]},"_coverageSchema":"1a1c01bbd47fc00a2c39e90264f33305004495a9","hash":"e054d392127861c0fb6467b3849832e5572f92e0"}
,"C:\\Users\\piter\\OneDrive\\Рабочий стол\\Учеба\\web\\project\\react-intro\\src\\views\\my_profile\\MyProfile.js": {"path":"C:\\Users\\piter\\OneDrive\\Рабочий стол\\Учеба\\web\\project\\react-intro\\src\\views\\my_profile\\MyProfile.js","statementMap":{"0":{"start":{"line":18,"column":16},"end":{"line":18,"column":29}},"1":{"start":{"line":23,"column":8},"end":{"line":23,"column":21}},"2":{"start":{"line":24,"column":25},"end":{"line":24,"column":44}},"3":{"start":{"line":25,"column":8},"end":{"line":37,"column":9}},"4":{"start":{"line":40,"column":8},"end":{"line":63,"column":9}},"5":{"start":{"line":41,"column":22},"end":{"line":41,"column":40}},"6":{"start":{"line":42,"column":12},"end":{"line":47,"column":13}},"7":{"start":{"line":48,"column":12},"end":{"line":60,"column":15}},"8":{"start":{"line":49,"column":16},"end":{"line":55,"column":17}},"9":{"start":{"line":50,"column":20},"end":{"line":54,"column":21}},"10":{"start":{"line":51,"column":24},"end":{"line":51,"column":62}},"11":{"start":{"line":53,"column":24},"end":{"line":53,"column":65}},"12":{"start":{"line":57,"column":16},"end":{"line":59,"column":17}},"13":{"start":{"line":58,"column":20},"end":{"line":58,"column":69}},"14":{"start":{"line":62,"column":12},"end":{"line":62,"column":50}},"15":{"start":{"line":65,"column":8},"end":{"line":71,"column":9}},"16":{"start":{"line":72,"column":8},"end":{"line":84,"column":11}},"17":{"start":{"line":73,"column":12},"end":{"line":79,"column":13}},"18":{"start":{"line":74,"column":16},"end":{"line":78,"column":17}},"19":{"start":{"line":75,"column":20},"end":{"line":75,"column":55}},"20":{"start":{"line":77,"column":20},"end":{"line":77,"column":200}},"21":{"start":{"line":81,"column":12},"end":{"line":83,"column":13}},"22":{"start":{"line":82,"column":16},"end":{"line":82,"column":65}},"23":{"start":{"line":85,"column":8},"end":{"line":99,"column":9}},"24":{"start":{"line":86,"column":12},"end":{"line":98,"column":15}},"25":{"start":{"line":93,"column":29},"end":{"line":93,"column":54}},"26":{"start":{"line":94,"column":16},"end":{"line":94,"column":40}},"27":{"start":{"line":97,"column":16},"end":{"line":97,"column":63}},"28":{"start":{"line":101,"column":8},"end":{"line":101,"column":45}},"29":{"start":{"line":102,"column":8},"end":{"line":102,"column":55}},"30":{"start":{"line":103,"column":8},"end":{"line":103,"column":57}},"31":{"start":{"line":106,"column":19},"end":{"line":114,"column":5}},"32":{"start":{"line":107,"column":23},"end":{"line":107,"column":55}},"33":{"start":{"line":108,"column":8},"end":{"line":108,"column":48}},"34":{"start":{"line":109,"column":20},"end":{"line":109,"column":31}},"35":{"start":{"line":110,"column":8},"end":{"line":110,"column":27}},"36":{"start":{"line":111,"column":8},"end":{"line":113,"column":9}},"37":{"start":{"line":112,"column":12},"end":{"line":112,"column":81}},"38":{"start":{"line":117,"column":8},"end":{"line":117,"column":88}},"39":{"start":{"line":118,"column":8},"end":{"line":118,"column":94}},"40":{"start":{"line":119,"column":8},"end":{"line":119,"column":99}},"41":{"start":{"line":120,"column":8},"end":{"line":120,"column":103}},"42":{"start":{"line":121,"column":19},"end":{"line":121,"column":81}},"43":{"start":{"line":122,"column":8},"end":{"line":124,"column":9}},"44":{"start":{"line":123,"column":12},"end":{"line":123,"column":45}},"45":{"start":{"line":127,"column":8},"end":{"line":127,"column":91}},"46":{"start":{"line":128,"column":8},"end":{"line":128,"column":97}},"47":{"start":{"line":129,"column":8},"end":{"line":129,"column":102}},"48":{"start":{"line":130,"column":8},"end":{"line":130,"column":102}},"49":{"start":{"line":131,"column":19},"end":{"line":131,"column":88}},"50":{"start":{"line":132,"column":8},"end":{"line":134,"column":9}},"51":{"start":{"line":133,"column":12},"end":{"line":133,"column":38}},"52":{"start":{"line":137,"column":8},"end":{"line":137,"column":30}},"53":{"start":{"line":138,"column":8},"end":{"line":138,"column":57}},"54":{"start":{"line":141,"column":19},"end":{"line":141,"column":89}},"55":{"start":{"line":142,"column":21},"end":{"line":147,"column":9}},"56":{"start":{"line":148,"column":19},"end":{"line":148,"column":88}},"57":{"start":{"line":149,"column":8},"end":{"line":161,"column":15}},"58":{"start":{"line":150,"column":12},"end":{"line":156,"column":13}},"59":{"start":{"line":151,"column":16},"end":{"line":151,"column":61}},"60":{"start":{"line":153,"column":16},"end":{"line":153,"column":49}},"61":{"start":{"line":154,"column":16},"end":{"line":154,"column":92}},"62":{"start":{"line":155,"column":16},"end":{"line":155,"column":37}},"63":{"start":{"line":158,"column":16},"end":{"line":160,"column":17}},"64":{"start":{"line":159,"column":20},"end":{"line":159,"column":69}},"65":{"start":{"line":165,"column":8},"end":{"line":259,"column":9}},"66":{"start":{"line":226,"column":113},"end":{"line":226,"column":162}},"67":{"start":{"line":235,"column":73},"end":{"line":235,"column":119}},"68":{"start":{"line":235,"column":120},"end":{"line":235,"column":143}},"69":{"start":{"line":264,"column":21},"end":{"line":264,"column":34}},"70":{"start":{"line":266,"column":4},"end":{"line":266,"column":52}}},"fnMap":{"0":{"name":"(anonymous_0)","decl":{"start":{"line":22,"column":4},"end":{"line":22,"column":5}},"loc":{"start":{"line":22,"column":23},"end":{"line":104,"column":5}},"line":22},"1":{"name":"(anonymous_1)","decl":{"start":{"line":48,"column":75},"end":{"line":48,"column":76}},"loc":{"start":{"line":48,"column":87},"end":{"line":56,"column":13}},"line":48},"2":{"name":"(anonymous_2)","decl":{"start":{"line":56,"column":21},"end":{"line":56,"column":22}},"loc":{"start":{"line":56,"column":38},"end":{"line":60,"column":13}},"line":56},"3":{"name":"(anonymous_3)","decl":{"start":{"line":72,"column":76},"end":{"line":72,"column":77}},"loc":{"start":{"line":72,"column":88},"end":{"line":80,"column":9}},"line":72},"4":{"name":"(anonymous_4)","decl":{"start":{"line":80,"column":17},"end":{"line":80,"column":18}},"loc":{"start":{"line":80,"column":34},"end":{"line":84,"column":9}},"line":80},"5":{"name":"(anonymous_5)","decl":{"start":{"line":92,"column":18},"end":{"line":92,"column":19}},"loc":{"start":{"line":92,"column":32},"end":{"line":95,"column":13}},"line":92},"6":{"name":"(anonymous_6)","decl":{"start":{"line":96,"column":19},"end":{"line":96,"column":20}},"loc":{"start":{"line":96,"column":30},"end":{"line":98,"column":13}},"line":96},"7":{"name":"(anonymous_7)","decl":{"start":{"line":106,"column":19},"end":{"line":106,"column":20}},"loc":{"start":{"line":106,"column":29},"end":{"line":114,"column":5}},"line":106},"8":{"name":"(anonymous_8)","decl":{"start":{"line":111,"column":21},"end":{"line":111,"column":22}},"loc":{"start":{"line":111,"column":27},"end":{"line":113,"column":9}},"line":111},"9":{"name":"(anonymous_9)","decl":{"start":{"line":116,"column":4},"end":{"line":116,"column":5}},"loc":{"start":{"line":116,"column":21},"end":{"line":125,"column":5}},"line":116},"10":{"name":"(anonymous_10)","decl":{"start":{"line":126,"column":4},"end":{"line":126,"column":5}},"loc":{"start":{"line":126,"column":20},"end":{"line":135,"column":5}},"line":126},"11":{"name":"(anonymous_11)","decl":{"start":{"line":136,"column":4},"end":{"line":136,"column":5}},"loc":{"start":{"line":136,"column":14},"end":{"line":139,"column":5}},"line":136},"12":{"name":"(anonymous_12)","decl":{"start":{"line":140,"column":4},"end":{"line":140,"column":5}},"loc":{"start":{"line":140,"column":19},"end":{"line":162,"column":5}},"line":140},"13":{"name":"(anonymous_13)","decl":{"start":{"line":149,"column":80},"end":{"line":149,"column":81}},"loc":{"start":{"line":149,"column":92},"end":{"line":157,"column":13}},"line":149},"14":{"name":"(anonymous_14)","decl":{"start":{"line":157,"column":21},"end":{"line":157,"column":22}},"loc":{"start":{"line":157,"column":38},"end":{"line":161,"column":13}},"line":157},"15":{"name":"(anonymous_15)","decl":{"start":{"line":164,"column":4},"end":{"line":164,"column":5}},"loc":{"start":{"line":164,"column":13},"end":{"line":260,"column":5}},"line":164},"16":{"name":"(anonymous_16)","decl":{"start":{"line":226,"column":107},"end":{"line":226,"column":108}},"loc":{"start":{"line":226,"column":113},"end":{"line":226,"column":162}},"line":226},"17":{"name":"(anonymous_17)","decl":{"start":{"line":235,"column":67},"end":{"line":235,"column":68}},"loc":{"start":{"line":235,"column":72},"end":{"line":235,"column":144}},"line":235},"18":{"name":"UsersProfile","decl":{"start":{"line":263,"column":24},"end":{"line":263,"column":36}},"loc":{"start":{"line":263,"column":39},"end":{"line":267,"column":3}},"line":263}},"branchMap":{"0":{"loc":{"start":{"line":40,"column":8},"end":{"line":63,"column":9}},"type":"if","locations":[{"start":{"line":40,"column":8},"end":{"line":63,"column":9}},{"start":{"line":61,"column":15},"end":{"line":63,"column":9}}],"line":40},"1":{"loc":{"start":{"line":49,"column":16},"end":{"line":55,"column":17}},"type":"if","locations":[{"start":{"line":49,"column":16},"end":{"line":55,"column":17}},{"start":{},"end":{}}],"line":49},"2":{"loc":{"start":{"line":49,"column":20},"end":{"line":49,"column":99}},"type":"binary-expr","locations":[{"start":{"line":49,"column":21},"end":{"line":49,"column":54}},{"start":{"line":49,"column":60},"end":{"line":49,"column":98}}],"line":49},"3":{"loc":{"start":{"line":50,"column":20},"end":{"line":54,"column":21}},"type":"if","locations":[{"start":{"line":50,"column":20},"end":{"line":54,"column":21}},{"start":{"line":52,"column":27},"end":{"line":54,"column":21}}],"line":50},"4":{"loc":{"start":{"line":57,"column":16},"end":{"line":59,"column":17}},"type":"if","locations":[{"start":{"line":57,"column":16},"end":{"line":59,"column":17}},{"start":{},"end":{}}],"line":57},"5":{"loc":{"start":{"line":73,"column":12},"end":{"line":79,"column":13}},"type":"if","locations":[{"start":{"line":73,"column":12},"end":{"line":79,"column":13}},{"start":{},"end":{}}],"line":73},"6":{"loc":{"start":{"line":73,"column":16},"end":{"line":73,"column":95}},"type":"binary-expr","locations":[{"start":{"line":73,"column":17},"end":{"line":73,"column":50}},{"start":{"line":73,"column":56},"end":{"line":73,"column":94}}],"line":73},"7":{"loc":{"start":{"line":74,"column":16},"end":{"line":78,"column":17}},"type":"if","locations":[{"start":{"line":74,"column":16},"end":{"line":78,"column":17}},{"start":{"line":76,"column":23},"end":{"line":78,"column":17}}],"line":74},"8":{"loc":{"start":{"line":81,"column":12},"end":{"line":83,"column":13}},"type":"if","locations":[{"start":{"line":81,"column":12},"end":{"line":83,"column":13}},{"start":{},"end":{}}],"line":81},"9":{"loc":{"start":{"line":85,"column":8},"end":{"line":99,"column":9}},"type":"if","locations":[{"start":{"line":85,"column":8},"end":{"line":99,"column":9}},{"start":{},"end":{}}],"line":85},"10":{"loc":{"start":{"line":122,"column":8},"end":{"line":124,"column":9}},"type":"if","locations":[{"start":{"line":122,"column":8},"end":{"line":124,"column":9}},{"start":{},"end":{}}],"line":122},"11":{"loc":{"start":{"line":132,"column":8},"end":{"line":134,"column":9}},"type":"if","locations":[{"start":{"line":132,"column":8},"end":{"line":134,"column":9}},{"start":{},"end":{}}],"line":132},"12":{"loc":{"start":{"line":150,"column":12},"end":{"line":156,"column":13}},"type":"if","locations":[{"start":{"line":150,"column":12},"end":{"line":156,"column":13}},{"start":{"line":152,"column":19},"end":{"line":156,"column":13}}],"line":150},"13":{"loc":{"start":{"line":158,"column":16},"end":{"line":160,"column":17}},"type":"if","locations":[{"start":{"line":158,"column":16},"end":{"line":160,"column":17}},{"start":{},"end":{}}],"line":158},"14":{"loc":{"start":{"line":176,"column":162},"end":{"line":176,"column":230}},"type":"cond-expr","locations":[{"start":{"line":176,"column":215},"end":{"line":176,"column":221}},{"start":{"line":176,"column":224},"end":{"line":176,"column":230}}],"line":176},"15":{"loc":{"start":{"line":176,"column":240},"end":{"line":176,"column":309}},"type":"cond-expr","locations":[{"start":{"line":176,"column":294},"end":{"line":176,"column":300}},{"start":{"line":176,"column":303},"end":{"line":176,"column":309}}],"line":176},"16":{"loc":{"start":{"line":182,"column":65},"end":{"line":182,"column":133}},"type":"cond-expr","locations":[{"start":{"line":182,"column":95},"end":{"line":182,"column":111}},{"start":{"line":182,"column":114},"end":{"line":182,"column":133}}],"line":182},"17":{"loc":{"start":{"line":236,"column":33},"end":{"line":241,"column":34}},"type":"binary-expr","locations":[{"start":{"line":236,"column":34},"end":{"line":236,"column":68}},{"start":{"line":236,"column":73},"end":{"line":241,"column":34}}],"line":236}},"s":{"0":1,"1":0,"2":0,"3":0,"4":0,"5":0,"6":0,"7":0,"8":0,"9":0,"10":0,"11":0,"12":0,"13":0,"14":0,"15":0,"16":0,"17":0,"18":0,"19":0,"20":0,"21":0,"22":0,"23":0,"24":0,"25":0,"26":0,"27":0,"28":0,"29":0,"30":0,"31":0,"32":0,"33":0,"34":0,"35":0,"36":0,"37":0,"38":0,"39":0,"40":0,"41":0,"42":0,"43":0,"44":0,"45":0,"46":0,"47":0,"48":0,"49":0,"50":0,"51":0,"52":0,"53":0,"54":0,"55":0,"56":0,"57":0,"58":0,"59":0,"60":0,"61":0,"62":0,"63":0,"64":0,"65":0,"66":0,"67":0,"68":0,"69":0,"70":0},"f":{"0":0,"1":0,"2":0,"3":0,"4":0,"5":0,"6":0,"7":0,"8":0,"9":0,"10":0,"11":0,"12":0,"13":0,"14":0,"15":0,"16":0,"17":0,"18":0},"b":{"0":[0,0],"1":[0,0],"2":[0,0],"3":[0,0],"4":[0,0],"5":[0,0],"6":[0,0],"7":[0,0],"8":[0,0],"9":[0,0],"10":[0,0],"11":[0,0],"12":[0,0],"13":[0,0],"14":[0,0],"15":[0,0],"16":[0,0],"17":[0,0]},"_coverageSchema":"1a1c01bbd47fc00a2c39e90264f33305004495a9","hash":"ef82bd764ad26b83f8e325b36f5d3eb673db8957"}
,"C:\\Users\\piter\\OneDrive\\Рабочий стол\\Учеба\\web\\project\\react-intro\\src\\views\\registration\\Registration.js": {"path":"C:\\Users\\piter\\OneDrive\\Рабочий стол\\Учеба\\web\\project\\react-intro\\src\\views\\registration\\Registration.js","statementMap":{"0":{"start":{"line":12,"column":16},"end":{"line":12,"column":29}},"1":{"start":{"line":17,"column":8},"end":{"line":17,"column":21}},"2":{"start":{"line":18,"column":8},"end":{"line":18,"column":55}},"3":{"start":{"line":19,"column":8},"end":{"line":19,"column":55}},"4":{"start":{"line":20,"column":8},"end":{"line":36,"column":9}},"5":{"start":{"line":37,"column":8},"end":{"line":42,"column":9}},"6":{"start":{"line":46,"column":8},"end":{"line":63,"column":9}},"7":{"start":{"line":47,"column":12},"end":{"line":62,"column":13}},"8":{"start":{"line":48,"column":16},"end":{"line":48,"column":42}},"9":{"start":{"line":49,"column":16},"end":{"line":49,"column":245}},"10":{"start":{"line":50,"column":19},"end":{"line":62,"column":13}},"11":{"start":{"line":51,"column":16},"end":{"line":51,"column":63}},"12":{"start":{"line":52,"column":19},"end":{"line":62,"column":13}},"13":{"start":{"line":53,"column":16},"end":{"line":53,"column":61}},"14":{"start":{"line":54,"column":19},"end":{"line":62,"column":13}},"15":{"start":{"line":55,"column":16},"end":{"line":55,"column":45}},"16":{"start":{"line":56,"column":19},"end":{"line":62,"column":13}},"17":{"start":{"line":57,"column":16},"end":{"line":57,"column":55}},"18":{"start":{"line":58,"column":19},"end":{"line":62,"column":13}},"19":{"start":{"line":59,"column":16},"end":{"line":59,"column":46}},"20":{"start":{"line":60,"column":19},"end":{"line":62,"column":13}},"21":{"start":{"line":61,"column":16},"end":{"line":61,"column":46}},"22":{"start":{"line":67,"column":8},"end":{"line":71,"column":9}},"23":{"start":{"line":68,"column":12},"end":{"line":68,"column":39}},"24":{"start":{"line":70,"column":12},"end":{"line":70,"column":40}},"25":{"start":{"line":75,"column":21},"end":{"line":75,"column":61}},"26":{"start":{"line":76,"column":17},"end":{"line":76,"column":39}},"27":{"start":{"line":77,"column":17},"end":{"line":77,"column":36}},"28":{"start":{"line":78,"column":8},"end":{"line":80,"column":9}},"29":{"start":{"line":79,"column":12},"end":{"line":79,"column":33}},"30":{"start":{"line":81,"column":8},"end":{"line":83,"column":9}},"31":{"start":{"line":82,"column":12},"end":{"line":82,"column":35}},"32":{"start":{"line":84,"column":8},"end":{"line":86,"column":9}},"33":{"start":{"line":85,"column":12},"end":{"line":85,"column":35}},"34":{"start":{"line":87,"column":8},"end":{"line":87,"column":81}},"35":{"start":{"line":88,"column":8},"end":{"line":88,"column":22}},"36":{"start":{"line":91,"column":19},"end":{"line":205,"column":5}},"37":{"start":{"line":94,"column":8},"end":{"line":204,"column":9}},"38":{"start":{"line":96,"column":16},"end":{"line":96,"column":58}},"39":{"start":{"line":97,"column":16},"end":{"line":97,"column":33}},"40":{"start":{"line":98,"column":16},"end":{"line":98,"column":46}},"41":{"start":{"line":99,"column":16},"end":{"line":99,"column":43}},"42":{"start":{"line":100,"column":16},"end":{"line":100,"column":22}},"43":{"start":{"line":102,"column":16},"end":{"line":102,"column":63}},"44":{"start":{"line":103,"column":16},"end":{"line":103,"column":33}},"45":{"start":{"line":104,"column":16},"end":{"line":104,"column":51}},"46":{"start":{"line":105,"column":16},"end":{"line":105,"column":43}},"47":{"start":{"line":106,"column":16},"end":{"line":106,"column":22}},"48":{"start":{"line":108,"column":16},"end":{"line":108,"column":50}},"49":{"start":{"line":109,"column":16},"end":{"line":130,"column":19}},"50":{"start":{"line":110,"column":20},"end":{"line":124,"column":21}},"51":{"start":{"line":111,"column":24},"end":{"line":116,"column":25}},"52":{"start":{"line":112,"column":28},"end":{"line":112,"column":75}},"53":{"start":{"line":113,"column":28},"end":{"line":113,"column":65}},"54":{"start":{"line":115,"column":28},"end":{"line":115,"column":75}},"55":{"start":{"line":117,"column":27},"end":{"line":124,"column":21}},"56":{"start":{"line":118,"column":24},"end":{"line":123,"column":25}},"57":{"start":{"line":119,"column":28},"end":{"line":119,"column":75}},"58":{"start":{"line":120,"column":28},"end":{"line":120,"column":64}},"59":{"start":{"line":122,"column":28},"end":{"line":122,"column":75}},"60":{"start":{"line":125,"column":20},"end":{"line":125,"column":44}},"61":{"start":{"line":127,"column":20},"end":{"line":129,"column":21}},"62":{"start":{"line":128,"column":24},"end":{"line":128,"column":73}},"63":{"start":{"line":131,"column":16},"end":{"line":131,"column":59}},"64":{"start":{"line":132,"column":16},"end":{"line":132,"column":33}},"65":{"start":{"line":133,"column":16},"end":{"line":133,"column":47}},"66":{"start":{"line":134,"column":16},"end":{"line":134,"column":43}},"67":{"start":{"line":135,"column":16},"end":{"line":135,"column":22}},"68":{"start":{"line":137,"column":16},"end":{"line":137,"column":62}},"69":{"start":{"line":138,"column":16},"end":{"line":138,"column":33}},"70":{"start":{"line":139,"column":16},"end":{"line":139,"column":50}},"71":{"start":{"line":140,"column":16},"end":{"line":140,"column":43}},"72":{"start":{"line":141,"column":16},"end":{"line":141,"column":22}},"73":{"start":{"line":143,"column":12},"end":{"line":143,"column":46}},"74":{"start":{"line":144,"column":12},"end":{"line":165,"column":19}},"75":{"start":{"line":145,"column":20},"end":{"line":159,"column":21}},"76":{"start":{"line":146,"column":24},"end":{"line":151,"column":25}},"77":{"start":{"line":147,"column":28},"end":{"line":147,"column":75}},"78":{"start":{"line":148,"column":28},"end":{"line":148,"column":65}},"79":{"start":{"line":150,"column":28},"end":{"line":150,"column":75}},"80":{"start":{"line":152,"column":27},"end":{"line":159,"column":21}},"81":{"start":{"line":153,"column":24},"end":{"line":158,"column":25}},"82":{"start":{"line":154,"column":28},"end":{"line":154,"column":75}},"83":{"start":{"line":155,"column":28},"end":{"line":155,"column":64}},"84":{"start":{"line":157,"column":28},"end":{"line":157,"column":75}},"85":{"start":{"line":160,"column":20},"end":{"line":160,"column":44}},"86":{"start":{"line":162,"column":20},"end":{"line":164,"column":21}},"87":{"start":{"line":163,"column":24},"end":{"line":163,"column":73}},"88":{"start":{"line":166,"column":16},"end":{"line":166,"column":59}},"89":{"start":{"line":167,"column":16},"end":{"line":167,"column":33}},"90":{"start":{"line":168,"column":16},"end":{"line":168,"column":47}},"91":{"start":{"line":169,"column":16},"end":{"line":169,"column":43}},"92":{"start":{"line":170,"column":16},"end":{"line":170,"column":22}},"93":{"start":{"line":172,"column":16},"end":{"line":172,"column":59}},"94":{"start":{"line":173,"column":16},"end":{"line":173,"column":33}},"95":{"start":{"line":174,"column":16},"end":{"line":174,"column":47}},"96":{"start":{"line":175,"column":16},"end":{"line":175,"column":43}},"97":{"start":{"line":176,"column":16},"end":{"line":176,"column":22}},"98":{"start":{"line":178,"column":16},"end":{"line":178,"column":63}},"99":{"start":{"line":179,"column":16},"end":{"line":179,"column":33}},"100":{"start":{"line":180,"column":16},"end":{"line":180,"column":51}},"101":{"start":{"line":181,"column":16},"end":{"line":181,"column":43}},"102":{"start":{"line":182,"column":29},"end":{"line":182,"column":67}},"103":{"start":{"line":183,"column":16},"end":{"line":187,"column":17}},"104":{"start":{"line":184,"column":20},"end":{"line":184,"column":67}},"105":{"start":{"line":186,"column":20},"end":{"line":186,"column":67}},"106":{"start":{"line":188,"column":28},"end":{"line":188,"column":88}},"107":{"start":{"line":189,"column":16},"end":{"line":193,"column":17}},"108":{"start":{"line":190,"column":20},"end":{"line":190,"column":60}},"109":{"start":{"line":192,"column":20},"end":{"line":192,"column":60}},"110":{"start":{"line":194,"column":16},"end":{"line":194,"column":22}},"111":{"start":{"line":196,"column":16},"end":{"line":196,"column":63}},"112":{"start":{"line":197,"column":29},"end":{"line":197,"column":69}},"113":{"start":{"line":198,"column":16},"end":{"line":202,"column":17}},"114":{"start":{"line":199,"column":20},"end":{"line":199,"column":67}},"115":{"start":{"line":201,"column":20},"end":{"line":201,"column":67}},"116":{"start":{"line":203,"column":16},"end":{"line":203,"column":22}},"117":{"start":{"line":208,"column":8},"end":{"line":283,"column":9}},"118":{"start":{"line":289,"column":8},"end":{"line":289,"column":21}},"119":{"start":{"line":290,"column":8},"end":{"line":290,"column":41}},"120":{"start":{"line":291,"column":8},"end":{"line":291,"column":53}},"121":{"start":{"line":292,"column":8},"end":{"line":292,"column":53}},"122":{"start":{"line":293,"column":8},"end":{"line":303,"column":9}},"123":{"start":{"line":307,"column":8},"end":{"line":329,"column":9}},"124":{"start":{"line":308,"column":25},"end":{"line":313,"column":13}},"125":{"start":{"line":314,"column":23},"end":{"line":314,"column":215}},"126":{"start":{"line":315,"column":12},"end":{"line":328,"column":15}},"127":{"start":{"line":316,"column":16},"end":{"line":323,"column":17}},"128":{"start":{"line":317,"column":20},"end":{"line":317,"column":35}},"129":{"start":{"line":319,"column":20},"end":{"line":319,"column":98}},"130":{"start":{"line":320,"column":20},"end":{"line":320,"column":96}},"131":{"start":{"line":322,"column":20},"end":{"line":322,"column":74}},"132":{"start":{"line":325,"column":16},"end":{"line":327,"column":17}},"133":{"start":{"line":326,"column":20},"end":{"line":326,"column":69}},"134":{"start":{"line":333,"column":17},"end":{"line":333,"column":52}},"135":{"start":{"line":334,"column":8},"end":{"line":347,"column":9}},"136":{"start":{"line":335,"column":34},"end":{"line":335,"column":56}},"137":{"start":{"line":336,"column":12},"end":{"line":336,"column":53}},"138":{"start":{"line":337,"column":12},"end":{"line":337,"column":58}},"139":{"start":{"line":338,"column":12},"end":{"line":342,"column":13}},"140":{"start":{"line":339,"column":16},"end":{"line":339,"column":87}},"141":{"start":{"line":341,"column":16},"end":{"line":341,"column":78}},"142":{"start":{"line":344,"column":12},"end":{"line":346,"column":13}},"143":{"start":{"line":345,"column":16},"end":{"line":345,"column":87}},"144":{"start":{"line":351,"column":8},"end":{"line":373,"column":9}},"145":{"start":{"line":379,"column":8},"end":{"line":379,"column":16}},"146":{"start":{"line":380,"column":8},"end":{"line":380,"column":39}},"147":{"start":{"line":381,"column":8},"end":{"line":381,"column":39}},"148":{"start":{"line":382,"column":8},"end":{"line":382,"column":57}},"149":{"start":{"line":383,"column":8},"end":{"line":383,"column":59}},"150":{"start":{"line":384,"column":8},"end":{"line":395,"column":9}},"151":{"start":{"line":399,"column":8},"end":{"line":407,"column":11}},"152":{"start":{"line":412,"column":23},"end":{"line":417,"column":9}},"153":{"start":{"line":418,"column":21},"end":{"line":418,"column":37}},"154":{"start":{"line":419,"column":8},"end":{"line":424,"column":17}},"155":{"start":{"line":420,"column":31},"end":{"line":420,"column":125}},"156":{"start":{"line":421,"column":16},"end":{"line":423,"column":17}},"157":{"start":{"line":422,"column":20},"end":{"line":422,"column":69}},"158":{"start":{"line":425,"column":8},"end":{"line":428,"column":10}},"159":{"start":{"line":432,"column":8},"end":{"line":441,"column":9}},"160":{"start":{"line":446,"column":19},"end":{"line":446,"column":32}},"161":{"start":{"line":447,"column":4},"end":{"line":447,"column":52}}},"fnMap":{"0":{"name":"(anonymous_0)","decl":{"start":{"line":16,"column":4},"end":{"line":16,"column":5}},"loc":{"start":{"line":16,"column":23},"end":{"line":43,"column":5}},"line":16},"1":{"name":"(anonymous_1)","decl":{"start":{"line":45,"column":4},"end":{"line":45,"column":5}},"loc":{"start":{"line":45,"column":19},"end":{"line":64,"column":5}},"line":45},"2":{"name":"(anonymous_2)","decl":{"start":{"line":66,"column":4},"end":{"line":66,"column":5}},"loc":{"start":{"line":66,"column":19},"end":{"line":72,"column":5}},"line":66},"3":{"name":"(anonymous_3)","decl":{"start":{"line":74,"column":4},"end":{"line":74,"column":5}},"loc":{"start":{"line":74,"column":24},"end":{"line":89,"column":5}},"line":74},"4":{"name":"(anonymous_4)","decl":{"start":{"line":91,"column":19},"end":{"line":91,"column":20}},"loc":{"start":{"line":91,"column":28},"end":{"line":205,"column":5}},"line":91},"5":{"name":"(anonymous_5)","decl":{"start":{"line":109,"column":97},"end":{"line":109,"column":98}},"loc":{"start":{"line":109,"column":109},"end":{"line":126,"column":17}},"line":109},"6":{"name":"(anonymous_6)","decl":{"start":{"line":126,"column":25},"end":{"line":126,"column":26}},"loc":{"start":{"line":126,"column":42},"end":{"line":130,"column":17}},"line":126},"7":{"name":"(anonymous_7)","decl":{"start":{"line":144,"column":93},"end":{"line":144,"column":94}},"loc":{"start":{"line":144,"column":105},"end":{"line":161,"column":17}},"line":144},"8":{"name":"(anonymous_8)","decl":{"start":{"line":161,"column":25},"end":{"line":161,"column":26}},"loc":{"start":{"line":161,"column":42},"end":{"line":165,"column":17}},"line":161},"9":{"name":"(anonymous_9)","decl":{"start":{"line":207,"column":4},"end":{"line":207,"column":5}},"loc":{"start":{"line":207,"column":13},"end":{"line":284,"column":5}},"line":207},"10":{"name":"(anonymous_10)","decl":{"start":{"line":288,"column":4},"end":{"line":288,"column":5}},"loc":{"start":{"line":288,"column":23},"end":{"line":304,"column":5}},"line":288},"11":{"name":"(anonymous_11)","decl":{"start":{"line":306,"column":4},"end":{"line":306,"column":5}},"loc":{"start":{"line":306,"column":17},"end":{"line":330,"column":5}},"line":306},"12":{"name":"(anonymous_12)","decl":{"start":{"line":315,"column":85},"end":{"line":315,"column":86}},"loc":{"start":{"line":315,"column":97},"end":{"line":324,"column":17}},"line":315},"13":{"name":"(anonymous_13)","decl":{"start":{"line":324,"column":25},"end":{"line":324,"column":26}},"loc":{"start":{"line":324,"column":42},"end":{"line":328,"column":13}},"line":324},"14":{"name":"(anonymous_14)","decl":{"start":{"line":332,"column":4},"end":{"line":332,"column":5}},"loc":{"start":{"line":332,"column":18},"end":{"line":348,"column":5}},"line":332},"15":{"name":"(anonymous_15)","decl":{"start":{"line":350,"column":4},"end":{"line":350,"column":5}},"loc":{"start":{"line":350,"column":13},"end":{"line":374,"column":5}},"line":350},"16":{"name":"(anonymous_16)","decl":{"start":{"line":378,"column":4},"end":{"line":378,"column":5}},"loc":{"start":{"line":378,"column":18},"end":{"line":396,"column":5}},"line":378},"17":{"name":"(anonymous_17)","decl":{"start":{"line":398,"column":4},"end":{"line":398,"column":5}},"loc":{"start":{"line":398,"column":21},"end":{"line":409,"column":5}},"line":398},"18":{"name":"(anonymous_18)","decl":{"start":{"line":411,"column":4},"end":{"line":411,"column":5}},"loc":{"start":{"line":411,"column":20},"end":{"line":429,"column":5}},"line":411},"19":{"name":"(anonymous_19)","decl":{"start":{"line":420,"column":19},"end":{"line":420,"column":20}},"loc":{"start":{"line":420,"column":31},"end":{"line":420,"column":125}},"line":420},"20":{"name":"(anonymous_20)","decl":{"start":{"line":420,"column":133},"end":{"line":420,"column":134}},"loc":{"start":{"line":420,"column":150},"end":{"line":424,"column":15}},"line":420},"21":{"name":"(anonymous_21)","decl":{"start":{"line":431,"column":4},"end":{"line":431,"column":5}},"loc":{"start":{"line":431,"column":13},"end":{"line":442,"column":5}},"line":431},"22":{"name":"Registration","decl":{"start":{"line":445,"column":24},"end":{"line":445,"column":36}},"loc":{"start":{"line":445,"column":39},"end":{"line":448,"column":1}},"line":445}},
[...]
{"start":{"line":71,"column":8},"end":{"line":86,"column":9}},"17":{"start":{"line":72,"column":12},"end":{"line":85,"column":15}},"18":{"start":{"line":79,"column":29},"end":{"line":79,"column":54}},"19":{"start":{"line":81,"column":16},"end":{"line":81,"column":40}},"20":{"start":{"line":84,"column":16},"end":{"line":84,"column":63}},"21":{"start":{"line":89,"column":8},"end":{"line":101,"column":11}},"22":{"start":{"line":90,"column":12},"end":{"line":96,"column":13}},"23":{"start":{"line":91,"column":16},"end":{"line":95,"column":17}},"24":{"start":{"line":92,"column":20},"end":{"line":92,"column":55}},"25":{"start":{"line":94,"column":20},"end":{"line":94,"column":200}},"26":{"start":{"line":98,"column":12},"end":{"line":100,"column":13}},"27":{"start":{"line":99,"column":16},"end":{"line":99,"column":65}},"28":{"start":{"line":103,"column":8},"end":{"line":108,"column":9}},"29":{"start":{"line":109,"column":19},"end":{"line":109,"column":111}},"30":{"start":{"line":110,"column":8},"end":{"line":120,"column":11}},"31":{"start":{"line":111,"column":12},"end":{"line":115,"column":13}},"32":{"start":{"line":112,"column":16},"end":{"line":112,"column":52}},"33":{"start":{"line":114,"column":16},"end":{"line":114,"column":53}},"34":{"start":{"line":117,"column":12},"end":{"line":119,"column":13}},"35":{"start":{"line":118,"column":16},"end":{"line":118,"column":65}},"36":{"start":{"line":123,"column":8},"end":{"line":145,"column":11}},"37":{"start":{"line":125,"column":24},"end":{"line":125,"column":26}},"38":{"start":{"line":126,"column":22},"end":{"line":126,"column":24}},"39":{"start":{"line":127,"column":12},"end":{"line":135,"column":13}},"40":{"start":{"line":127,"column":25},"end":{"line":127,"column":26}},"41":{"start":{"line":128,"column":16},"end":{"line":134,"column":17}},"42":{"start":{"line":129,"column":20},"end":{"line":129,"column":54}},"43":{"start":{"line":131,"column":20},"end":{"line":131,"column":54}},"44":{"start":{"line":132,"column":20},"end":{"line":132,"column":36}},"45":{"start":{"line":133,"column":20},"end":{"line":133,"column":29}},"46":{"start":{"line":136,"column":12},"end":{"line":138,"column":13}},"47":{"start":{"line":137,"column":16},"end":{"line":137,"column":32}},"48":{"start":{"line":139,"column":12},"end":{"line":139,"column":31}},"49":{"start":{"line":140,"column":12},"end":{"line":140,"column":44}},"50":{"start":{"line":142,"column":12},"end":{"line":144,"column":13}},"51":{"start":{"line":143,"column":16},"end":{"line":143,"column":65}},"52":{"start":{"line":147,"column":8},"end":{"line":147,"column":51}},"53":{"start":{"line":148,"column":8},"end":{"line":148,"column":57}},"54":{"start":{"line":149,"column":8},"end":{"line":149,"column":53}},"55":{"start":{"line":150,"column":8},"end":{"line":150,"column":41}},"56":{"start":{"line":154,"column":19},"end":{"line":162,"column":5}},"57":{"start":{"line":155,"column":23},"end":{"line":155,"column":55}},"58":{"start":{"line":156,"column":8},"end":{"line":156,"column":44}},"59":{"start":{"line":157,"column":20},"end":{"line":157,"column":31}},"60":{"start":{"line":158,"column":8},"end":{"line":158,"column":27}},"61":{"start":{"line":159,"column":8},"end":{"line":161,"column":9}},"62":{"start":{"line":160,"column":12},"end":{"line":160,"column":81}},"63":{"start":{"line":165,"column":8},"end":{"line":165,"column":38}},"64":{"start":{"line":166,"column":8},"end":{"line":185,"column":9}},"65":{"start":{"line":167,"column":12},"end":{"line":167,"column":51}},"66":{"start":{"line":168,"column":23},"end":{"line":168,"column":87}},"67":{"start":{"line":169,"column":12},"end":{"line":169,"column":46}},"68":{"start":{"line":170,"column":15},"end":{"line":185,"column":9}},"69":{"start":{"line":171,"column":12},"end":{"line":171,"column":44}},"70":{"start":{"line":172,"column":23},"end":{"line":172,"column":87}},"71":{"start":{"line":173,"column":12},"end":{"line":173,"column":46}},"72":{"start":{"line":175,"column":23},"end":{"line":175,"column":83}},"73":{"start":{"line":176,"column":12},"end":{"line":184,"column":13}},"74":{"start":{"line":177,"column":16},"end":{"line":177,"column":51}},"75":{"start":{"line":178,"column":27},"end":{"line":178,"column":91}},"76":{"start":{"line":179,"column":16},"end":{"line":179,"column":50}},"77":{"start":{"line":181,"column":16},"end":{"line":181,"column":44}},"78":{"start":{"line":182,"column":27},"end":{"line":182,"column":91}},"79":{"start":{"line":183,"column":16},"end":{"line":183,"column":50}},"80":{"start":{"line":189,"column":8},"end":{"line":219,"column":9}},"81":{"start":{"line":190,"column":12},"end":{"line":195,"column":13}},"82":{"start":{"line":196,"column":23},"end":{"line":196,"column":111}},"83":{"start":{"line":197,"column":12},"end":{"line":201,"column":15}},"84":{"start":{"line":197,"column":101},"end":{"line":197,"column":122}},"85":{"start":{"line":198,"column":16},"end":{"line":200,"column":17}},"86":{"start":{"line":199,"column":20},"end":{"line":199,"column":69}},"87":{"start":{"line":202,"column":8},"end":{"line":202,"column":97}},"88":{"start":{"line":203,"column":8},"end":{"line":203,"column":105}},"89":{"start":{"line":205,"column":12},"end":{"line":210,"column":13}},"90":{"start":{"line":211,"column":23},"end":{"line":211,"column":111}},"91":{"start":{"line":212,"column":12},"end":{"line":216,"column":15}},"92":{"start":{"line":212,"column":99},"end":{"line":212,"column":120}},"93":{"start":{"line":213,"column":16},"end":{"line":215,"column":17}},"94":{"start":{"line":214,"column":20},"end":{"line":214,"column":69}},"95":{"start":{"line":217,"column":12},"end":{"line":217,"column":176}},"96":{"start":{"line":218,"column":12},"end":{"line":218,"column":109}},"97":{"start":{"line":222,"column":11},"end":{"line":225,"column":5}},"98":{"start":{"line":223,"column":22},"end":{"line":223,"column":48}},"99":{"start":{"line":224,"column":8},"end":{"line":224,"column":40}},"100":{"start":{"line":224,"column":21},"end":{"line":224,"column":40}},"101":{"start":{"line":228,"column":8},"end":{"line":366,"column":9}},"102":{"start":{"line":303,"column":52},"end":{"line":303,"column":79}},"103":{"start":{"line":339,"column":32},"end":{"line":359,"column":37}},"104":{"start":{"line":341,"column":40},"end":{"line":341,"column":52}},"105":{"start":{"line":342,"column":40},"end":{"line":357,"column":41}},"106":{"start":{"line":371,"column":21},"end":{"line":371,"column":34}},"107":{"start":{"line":372,"column":19},"end":{"line":372,"column":30}},"108":{"start":{"line":374,"column":4},"end":{"line":374,"column":72}}},"fnMap":{"0":{"name":"(anonymous_0)","decl":{"start":{"line":20,"column":4},"end":{"line":20,"column":5}},"loc":{"start":{"line":20,"column":23},"end":{"line":152,"column":5}},"line":20},"1":{"name":"(anonymous_1)","decl":{"start":{"line":45,"column":75},"end":{"line":45,"column":76}},"loc":{"start":{"line":45,"column":87},"end":{"line":54,"column":13}},"line":45},"2":{"name":"(anonymous_2)","decl":{"start":{"line":54,"column":21},"end":{"line":54,"column":22}},"loc":{"start":{"line":54,"column":38},"end":{"line":58,"column":13}},"line":54},"3":{"name":"(anonymous_3)","decl":{"start":{"line":78,"column":18},"end":{"line":78,"column":19}},"loc":{"start":{"line":78,"column":32},"end":{"line":82,"column":13}},"line":78},"4":{"name":"(anonymous_4)","decl":{"start":{"line":83,"column":19},"end":{"line":83,"column":20}},"loc":{"start":{"line":83,"column":30},"end":{"line":85,"column":13}},"line":83},"5":{"name":"(anonymous_5)","decl":{"start":{"line":89,"column":76},"end":{"line":89,"column":77}},"loc":{"start":{"line":89,"column":88},"end":{"line":97,"column":9}},"line":89},"6":{"name":"(anonymous_6)","decl":{"start":{"line":97,"column":17},"end":{"line":97,"column":18}},"loc":{"start":{"line":97,"column":34},"end":{"line":101,"column":9}},"line":97},"7":{"name":"(anonymous_7)","decl":{"start":{"line":110,"column":93},"end":{"line":110,"column":94}},"loc":{"start":{"line":110,"column":105},"end":{"line":116,"column":9}},"line":110},"8":{"name":"(anonymous_8)","decl":{"start":{"line":116,"column":17},"end":{"line":116,"column":18}},"loc":{"start":{"line":116,"column":34},"end":{"line":120,"column":9}},"line":116},"9":{"name":"(anonymous_9)","decl":{"start":{"line":123,"column":161},"end":{"line":123,"column":162}},"loc":{"start":{"line":123,"column":173},"end":{"line":141,"column":9}},"line":123},"10":{"name":"(anonymous_10)","decl":{"start":{"line":141,"column":17},"end":{"line":141,"column":18}},"loc":{"start":{"line":141,"column":34},"end":{"line":145,"column":9}},"line":141},"11":{"name":"(anonymous_11)","decl":{"start":{"line":154,"column":19},"end":{"line":154,"column":20}},"loc":{"start":{"line":154,"column":29},"end":{"line":162,"column":5}},"line":154},"12":{"name":"(anonymous_12)","decl":{"start":{"line":159,"column":21},"end":{"line":159,"column":22}},"loc":{"start":{"line":159,"column":27},"end":{"line":161,"column":9}},"line":159},"13":{"name":"(anonymous_13)","decl":{"start":{"line":164,"column":4},"end":{"line":164,"column":5}},"loc":{"start":{"line":164,"column":18},"end":{"line":186,"column":5}},"line":164},"14":{"name":"(anonymous_14)","decl":{"start":{"line":188,"column":4},"end":{"line":188,"column":5}},"loc":{"start":{"line":188,"column":16},"end":{"line":220,"column":5}},"line":188},"15":{"name":"(anonymous_15)","decl":{"start":{"line":197,"column":89},"end":{"line":197,"column":90}},"loc":{"start":{"line":197,"column":101},"end":{"line":197,"column":122}},"line":197},"16":{"name":"(anonymous_16)","decl":{"start":{"line":197,"column":130},"end":{"line":197,"column":131}},"loc":{"start":{"line":197,"column":147},"end":{"line":201,"column":13}},"line":197},"17":{"name":"(anonymous_17)","decl":{"start":{"line":212,"column":87},"end":{"line":212,"column":88}},"loc":{"start":{"line":212,"column":99},"end":{"line":212,"column":120}},"line":212},"18":{"name":"(anonymous_18)","decl":{"start":{"line":212,"column":128},"end":{"line":212,"column":129}},"loc":{"start":{"line":212,"column":145},"end":{"line":216,"column":13}},"line":212},"19":{"name":"(anonymous_19)","decl":{"start":{"line":222,"column":11},"end":{"line":222,"column":12}},"loc":{"start":{"line":222,"column":17},"end":{"line":225,"column":5}},"line":222},"20":{"name":"(anonymous_20)","decl":{"start":{"line":223,"column":33},"end":{"line":223,"column":34}},"loc":{"start":{"line":223,"column":39},"end":{"line":223,"column":41}},"line":223},"21":{"name":"(anonymous_21)","decl":{"start":{"line":224,"column":15},"end":{"line":224,"column":16}},"loc":{"start":{"line":224,"column":21},"end":{"line":224,"column":40}},"line":224},"22":{"name":"(anonymous_22)","decl":{"start":{"line":227,"column":4},"end":{"line":227,"column":5}},"loc":{"start":{"line":227,"column":13},"end":{"line":367,"column":5}},"line":227},"23":{"name":"(anonymous_23)","decl":{"start":{"line":303,"column":45},"end":{"line":303,"column":46}},"loc":{"start":{"line":303,"column":51},"end":{"line":303,"column":80}},"line":303},"24":{"name":"(anonymous_24)","decl":{"start":{"line":338,"column":50},"end":{"line":338,"column":51}},"loc":{"start":{"line":339,"column":32},"end":{"line":359,"column":37}},"line":339},"25":{"name":"(anonymous_25)","decl":{"start":{"line":340,"column":45},"end":{"line":340,"column":46}},"loc":{"start":{"line":340,"column":57},"end":{"line":357,"column":42}},"line":340},"26":{"name":"UsersProfile","decl":{"start":{"line":370,"column":24},"end":{"line":370,"column":36}},"loc":{"start":{"line":370,"column":39},"end":{"line":375,"column":3}},"line":370}},"branchMap":{"0":{"loc":{"start":{"line":37,"column":8},"end":{"line":61,"column":9}},"type":"if","locations":[{"start":{"line":37,"column":8},"end":{"line":61,"column":9}},{"start":{"line":59,"column":15},"end":{"line":61,"column":9}}],"line":37},"1":{"loc":{"start":{"line":46,"column":16},"end":{"line":53,"column":17}},"type":"if","locations":[{"start":{"line":46,"column":16},"end":{"line":53,"column":17}},{"start":{},"end":{}}],"line":46},"2":{"loc":{"start":{"line":46,"column":20},"end":{"line":46,"column":99}},"type":"binary-expr","locations":[{"start":{"line":46,"column":21},"end":{"line":46,"column":54}},{"start":{"line":46,"column":60},"end":{"line":46,"column":98}}],"line":46},"3":{"loc":{"start":{"line":47,"column":20},"end":{"line":52,"column":21}},"type":"if","locations":[{"start":{"line":47,"column":20},"end":{"line":52,"column":21}},{"start":{"line":49,"column":27},"end":{"line":52,"column":21}}],"line":47},"4":{"loc":{"start":{"line":55,"column":16},"end":{"line":57,"column":17}},"type":"if","locations":[{"start":{"line":55,"column":16},"end":{"line":57,"column":17}},{"start":{},"end":{}}],"line":55},"5":{"loc":{"start":{"line":71,"column":8},"end":{"line":86,"column":9}},"type":"if","locations":[{"start":{"line":71,"column":8},"end":{"line":86,"column":9}},{"start":{},"end":{}}],"line":71},"6":{"loc":{"start":{"line":90,"column":12},"end":{"line":96,"column":13}},"type":"if","locations":[{"start":{"line":90,"column":12},"end":{"line":96,"column":13}},{"start":{},"end":{}}],"line":90},"7":{"loc":{"start":{"line":90,"column":16},"end":{"line":90,"column":95}},"type":"binary-expr","locations":[{"start":{"line":90,"column":17},"end":{"line":90,"column":50}},{"start":{"line":90,"column":56},"end":{"line":90,"column":94}}],"line":90},"8":{"loc":{"start":{"line":91,"column":16},"end":{"line":95,"column":17}},"type":"if","locations":[{"start":{"line":91,"column":16},"end":{"line":95,"column":17}},{"start":{"line":93,"column":23},"end":{"line":95,"column":17}}],"line":91},"9":{"loc":{"start":{"line":98,"column":12},"end":{"line":100,"column":13}},"type":"if","locations":[{"start":{"line":98,"column":12},"end":{"line":100,"column":13}},{"start":{},"end":{}}],"line":98},"10":{"loc":{"start":{"line":111,"column":12},"end":{"line":115,"column":13}},"type":"if","locations":[{"start":{"line":111,"column":12},"end":{"line":115,"column":13}},{"start":{"line":113,"column":19},"end":{"line":115,"column":13}}],"line":111},"11":{"loc":{"start":{"line":117,"column":12},"end":{"line":119,"column":13}},"type":"if","locations":[{"start":{"line":117,"column":12},"end":{"line":119,"column":13}},{"start":{},"end":{}}],"line":117},"12":{"loc":{"start":{"line":128,"column":16},"end":{"line":134,"column":17}},"type":"if","locations":[{"start":{"line":128,"column":16},"end":{"line":134,"column":17}},{"start":{"line":130,"column":23},"end":{"line":134,"column":17}}],"line":128},"13":{"loc":{"start":{"line":136,"column":12},"end":{"line":138,"column":13}},"type":"if","locations":[{"start":{"line":136,"column":12},"end":{"line":138,"column":13}},{"start":{},"end":{}}],"line":136},"14":{"loc":{"start":{"line":142,"column":12},"end":{"line":144,"column":13}},"type":"if","locations":[{"start":{"line":142,"column":12},"end":{"line":144,"column":13}},{"start":{},"end":{}}],"line":142},"15":{"loc":{"start":{"line":166,"column":8},"end":{"line":185,"column":9}},"type":"if","locations":[{"start":{"line":166,"column":8},"end":{"line":185,"column":9}},{"start":{"line":170,"column":15},"end":{"line":185,"column":9}}],"line":166},"16":{"loc":{"start":{"line":170,"column":15},"end":{"line":185,"column":9}},"type":"if","locations":[{"start":{"line":170,"column":15},"end":{"line":185,"column":9}},{"start":{"line":174,"column":15},"end":{"line":185,"column":9}}],"line":170},"17":{"loc":{"start":{"line":176,"column":12},"end":{"line":184,"column":13}},"type":"if","locations":[{"start":{"line":176,"column":12},"end":{"line":184,"column":13}},{"start":{"line":180,"column":19},"end":{"line":184,"column":13}}],"line":176},"18":{"loc":{"start":{"line":189,"column":8},"end":{"line":219,"column":9}},"type":"if","locations":[{"start":{"line":189,"column":8},"end":{"line":219,"column":9}},{"start":{"line":204,"column":15},"end":{"line":219,"column":9}}],"line":189},"19":{"loc":{"start":{"line":198,"column":16},"end":{"line":200,"column":17}},"type":"if","locations":[{"start":{"line":198,"column":16},"end":{"line":200,"column":17}},{"start":{},"end":{}}],"line":198},"20":{"loc":{"start":{"line":213,"column":16},"end":{"line":215,"column":17}},"type":"if","locations":[{"start":{"line":213,"column":16},"end":{"line":215,"column":17}},{"start":{},"end":{}}],"line":213},"21":{"loc":{"start":{"line":275,"column":154},"end":{"line":275,"column":222}},"type":"cond-expr","locations":[{"start":{"line":275,"column":207},"end":{"line":275,"column":213}},{"start":{"line":275,"column":216},"end":{"line":275,"column":222}}],"line":275},"22":{"loc":{"start":{"line":275,"column":232},"end":{"line":275,"column":301}},"type":"cond-expr","locations":[{"start":{"line":275,"column":286},"end":{"line":275,"column":292}},{"start":{"line":275,"column":295},"end":{"line":275,"column":301}}],"line":275},"23":{"loc":{"start":{"line":279,"column":64},"end":{"line":279,"column":132}},"type":"cond-expr","locations":[{"start":{"line":279,"column":94},"end":{"line":279,"column":110}},{"start":{"line":279,"column":113},"end":{"line":279,"column":132}}],"line":279},"24":{"loc":{"start":{"line":296,"column":105},"end":{"line":296,"column":154}},"type":"cond-expr","locations":[{"start":{"line":296,"column":133},"end":{"line":296,"column":142}},{"start":{"line":296,"column":145},"end":{"line":296,"column":154}}],"line":296},"25":{"loc":{"start":{"line":297,"column":33},"end":{"line":297,"column":80}},"type":"binary-expr","locations":[{"start":{"line":297,"column":33},"end":{"line":297,"column":58}},{"start":{"line":297,"column":62},"end":{"line":297,"column":80}}],"line":297},"26":{"loc":{"start":{"line":298,"column":33},"end":{"line":298,"column":159}},"type":"binary-expr","locations":[{"start":{"line":298,"column":33},"end":{"line":298,"column":57}},{"start":{"line":298,"column":61},"end":{"line":298,"column":159}}],"line":298},"27":{"loc":{"start":{"line":335,"column":34},"end":{"line":335,"column":102}},"type":"cond-expr","locations":[{"start":{"line":335,"column":64},"end":{"line":335,"column":80}},{"start":{"line":335,"column":83},"end":{"line":335,"column":102}}],"line":335},"28":{"loc":{"start":{"line":344,"column":60},"end":{"line":344,"column":169}},"type":"cond-expr","locations":[{"start":{"line":344,"column":79},"end":{"line":344,"column":102}},{"start":{"line":344,"column":105},"end":{"line":344,"column":169}}],"line":344},"29":{"loc":{"start":{"line":344,"column":105},"end":{"line":344,"column":169}},"type":"cond-expr","locations":[{"start":{"line":344,"column":124},"end":{"line":344,"column":145}},{"start":{"line":344,"column":148},"end":{"line":344,"column":169}}],"line":344}},"s":{"0":1,"1":0,"2":0,"3":0,"4":0,"5":0,"6":0,"7":0,"8":0,"9":0,"10":0,"11":0,"12":0,"13":0,"14":0,"15":0,"16":0,"17":0,"18":0,"19":0,"20":0,"21":0,"22":0,"23":0,"24":0,"25":0,"26":0,"27":0,"28":0,"29":0,"30":0,"31":0,"32":0,"33":0,"34":0,"35":0,"36":0,"37":0,"38":0,"39":0,"40":0,"41":0,"42":0,"43":0,"44":0,"45":0,"46":0,"47":0,"48":0,"49":0,"50":0,"51":0,"52":0,"53":0,"54":0,"55":0,"56":0,"57":0,"58":0,"59":0,"60":0,"61":0,"62":0,"63":0,"64":0,"65":0,"66":0,"67":0,"68":0,"69":0,"70":0,"71":0,"72":0,"73":0,"74":0,"75":0,"76":0,"77":0,"78":0,"79":0,"80":0,"81":0,"82":0,"83":0,"84":0,"85":0,"86":0,"87":0,"88":0,"89":0,"90":0,"91":0,"92":0,"93":0,"94":0,"95":0,"96":0,"97":0,"98":0,"99":0,"100":0,"101":0,"102":0,"103":0,"104":0,"105":0,"106":0,"107":0,"108":0},"f":{"0":0,"1":0,"2":0,"3":0,"4":0,"5":0,"6":0,"7":0,"8":0,"9":0,"10":0,"11":0,"12":0,"13":0,"14":0,"15":0,"16":0,"17":0,"18":0,"19":0,"20":0,"21":0,"22":0,"23":0,"24":0,"25":0,"26":0},"b":{"0":[0,0],"1":[0,0],"2":[0,0],"3":[0,0],"4":[0,0],"5":[0,0],"6":[0,0],"7":[0,0],"8":[0,0],"9":[0,0],"10":[0,0],"11":[0,0],"12":[0,0],"13":[0,0],"14":[0,0],"15":[0,0],"16":[0,0],"17":[0,0],"18":[0,0],"19":[0,0],"20":[0,0],"21":[0,0],"22":[0,0],"23":[0,0],"24":[0,0],"25":[0,0],"26":[0,0],"27":[0,0],"28":[0,0],"29":[0,0]},"_coverageSchema":"1a1c01bbd47fc00a2c39e90264f33305004495a9","hash":"47a45ce5f03ee373ad4f593e57add2158b68ed9d"}
}
