TN:
SF:src\index.js
FNF:0
FNH:0
DA:14,0
DA:15,0
DA:41,0
LF:3
LH:0
BRF:0
BRH:0
end_of_record
TN:
SF:src\components\footer\Footer.js
FN:11,(anonymous_0)
FN:16,(anonymous_1)
FN:23,(anonymous_2)
FN:31,(anonymous_3)
FN:56,(anonymous_4)
FN:57,(anonymous_5)
FNF:6
FNH:2
FNDA:2,(anonymous_0)
FNDA:0,(anonymous_1)
FNDA:0,(anonymous_2)
FNDA:1,(anonymous_3)
FNDA:0,(anonymous_4)
FNDA:0,(anonymous_5)
DA:12,2
DA:13,1
DA:14,1
DA:17,0
DA:18,0
DA:24,0
DA:25,0
DA:28,0
DA:29,0
DA:32,1
DA:56,0
DA:57,0
LF:12
LH:4
BRDA:24,0,0,0
BRDA:24,0,1,0
BRF:2
BRH:0
end_of_record
TN:
SF:src\components\header\Header.js
FN:8,NavBar
FN:18,RegSigninBtn
FN:28,Header
FNF:3
FNH:3
FNDA:3,NavBar
FNDA:3,RegSigninBtn
FNDA:3,Header
DA:9,3
DA:19,3
DA:29,3
LF:3
LH:3
BRDA:33,0,0,3
BRDA:33,0,1,2
BRDA:34,1,0,2
BRDA:34,1,1,2
BRF:4
BRH:4
end_of_record
TN:
SF:src\views\change_profile\ChangeProfile.js
FN:20,(anonymous_0)
FN:23,handleDrag
FN:33,(anonymous_2)
FN:37,(anonymous_3)
FN:40,(anonymous_4)
FN:47,handleDrop
FN:56,handleChange
FN:65,(anonymous_7)
FN:84,(anonymous_8)
FN:121,(anonymous_9)
FN:129,(anonymous_10)
FN:145,(anonymous_11)
FN:153,(anonymous_12)
FN:170,(anonymous_13)
FN:174,(anonymous_14)
FN:179,(anonymous_15)
FN:185,(anonymous_16)
FN:190,(anonymous_17)
FN:207,(anonymous_18)
FN:241,(anonymous_19)
FN:250,(anonymous_20)
FN:262,(anonymous_21)
FN:266,(anonymous_22)
FN:269,(anonymous_23)
FN:273,(anonymous_24)
FN:276,(anonymous_25)
FN:279,(anonymous_26)
FN:280,(anonymous_27)
FN:288,(anonymous_28)
FN:291,(anonymous_29)
FN:295,(anonymous_30)
FN:298,(anonymous_31)
FN:301,(anonymous_32)
FN:309,(anonymous_33)
FN:332,(anonymous_34)
FN:417,ChangeProfile
FNF:36
FNH:0
FNDA:0,(anonymous_0)
FNDA:0,handleDrag
FNDA:0,(anonymous_2)
FNDA:0,(anonymous_3)
FNDA:0,(anonymous_4)
FNDA:0,handleDrop
FNDA:0,handleChange
FNDA:0,(anonymous_7)
FNDA:0,(anonymous_8)
FNDA:0,(anonymous_9)
FNDA:0,(anonymous_10)
FNDA:0,(anonymous_11)
FNDA:0,(anonymous_12)
FNDA:0,(anonymous_13)
FNDA:0,(anonymous_14)
FNDA:0,(anonymous_15)
FNDA:0,(anonymous_16)
FNDA:0,(anonymous_17)
FNDA:0,(anonymous_18)
FNDA:0,(anonymous_19)
FNDA:0,(anonymous_20)
FNDA:0,(anonymous_21)
FNDA:0,(anonymous_22)
FNDA:0,(anonymous_23)
FNDA:0,(anonymous_24)
FNDA:0,(anonymous_25)
FNDA:0,(anonymous_26)
FNDA:0,(anonymous_27)
FNDA:0,(anonymous_28)
FNDA:0,(anonymous_29)
FNDA:0,(anonymous_30)
FNDA:0,(anonymous_31)
FNDA:0,(anonymous_32)
FNDA:0,(anonymous_33)
FNDA:0,(anonymous_34)
FNDA:0,ChangeProfile
DA:16,1
DA:17,1
DA:20,1
DA:21,0
DA:24,0
DA:25,0
DA:26,0
DA:27,0
DA:28,0
DA:29,0
DA:33,0
DA:34,0
DA:35,0
DA:36,0
DA:37,0
DA:38,0
DA:40,0
DA:42,0
DA:43,0
DA:48,0
DA:49,0
DA:50,0
DA:51,0
DA:52,0
DA:57,0
DA:58,0
DA:59,0
DA:63,0
DA:65,0
DA:85,0
DA:86,0
DA:87,0
DA:88,0
DA:113,0
DA:114,0
DA:115,0
DA:121,0
DA:122,0
DA:123,0
DA:124,0
DA:126,0
DA:130,0
DA:131,0
DA:135,0
DA:138,0
DA:145,0
DA:146,0
DA:147,0
DA:148,0
DA:150,0
DA:154,0
DA:155,0
DA:159,0
DA:160,0
DA:161,0
DA:162,0
DA:164,0
DA:171,0
DA:172,0
DA:175,0
DA:179,0
DA:180,0
DA:181,0
DA:182,0
DA:183,0
DA:184,0
DA:185,0
DA:186,0
DA:190,0
DA:191,0
DA:192,0
DA:193,0
DA:194,0
DA:195,0
DA:197,0
DA:198,0
DA:200,0
DA:201,0
DA:203,0
DA:204,0
DA:207,0
DA:208,0
DA:209,0
DA:210,0
DA:211,0
DA:212,0
DA:213,0
DA:214,0
DA:215,0
DA:216,0
DA:217,0
DA:218,0
DA:219,0
DA:220,0
DA:222,0
DA:224,0
DA:225,0
DA:226,0
DA:228,0
DA:230,0
DA:231,0
DA:232,0
DA:233,0
DA:234,0
DA:236,0
DA:241,0
DA:242,0
DA:243,0
DA:244,0
DA:251,0
DA:252,0
DA:255,0
DA:256,0
DA:262,0
DA:263,0
DA:264,0
DA:265,0
DA:266,0
DA:267,0
DA:269,0
DA:271,0
DA:272,0
DA:273,0
DA:274,0
DA:275,0
DA:276,0
DA:277,0
DA:279,0
DA:281,0
DA:282,0
DA:285,0
DA:286,0
DA:287,0
DA:288,0
DA:289,0
DA:291,0
DA:292,0
DA:293,0
DA:294,0
DA:295,0
DA:296,0
DA:298,0
DA:302,0
DA:303,0
DA:310,0
DA:311,0
DA:312,0
DA:313,0
DA:314,0
DA:315,0
DA:316,0
DA:317,0
DA:319,0
DA:320,0
DA:321,0
DA:322,0
DA:323,0
DA:325,0
DA:326,0
DA:327,0
DA:333,0
DA:418,0
DA:419,0
DA:421,0
LF:164
LH:3
BRDA:26,0,0,0
BRDA:26,0,1,0
BRDA:26,1,0,0
BRDA:26,1,1,0
BRDA:28,2,0,0
BRDA:28,2,1,0
BRDA:35,3,0,0
BRDA:35,3,1,0
BRDA:35,4,0,0
BRDA:35,4,1,0
BRDA:35,4,2,0
BRDA:51,5,0,0
BRDA:51,5,1,0
BRDA:51,6,0,0
BRDA:51,6,1,0
BRDA:58,7,0,0
BRDA:58,7,1,0
BRDA:58,8,0,0
BRDA:58,8,1,0
BRDA:67,9,0,0
BRDA:67,9,1,0
BRDA:73,10,0,0
BRDA:73,10,1,0
BRDA:113,11,0,0
BRDA:113,11,1,0
BRDA:122,12,0,0
BRDA:122,12,1,0
BRDA:122,13,0,0
BRDA:122,13,1,0
BRDA:123,14,0,0
BRDA:123,14,1,0
BRDA:130,15,0,0
BRDA:130,15,1,0
BRDA:146,16,0,0
BRDA:146,16,1,0
BRDA:146,17,0,0
BRDA:146,17,1,0
BRDA:147,18,0,0
BRDA:147,18,1,0
BRDA:154,19,0,0
BRDA:154,19,1,0
BRDA:194,20,0,0
BRDA:194,20,1,0
BRDA:197,21,0,0
BRDA:197,21,1,0
BRDA:200,22,0,0
BRDA:200,22,1,0
BRDA:208,23,0,0
BRDA:208,23,1,0
BRDA:210,24,0,0
BRDA:210,24,1,0
BRDA:212,25,0,0
BRDA:212,25,1,0
BRDA:214,26,0,0
BRDA:214,26,1,0
BRDA:216,27,0,0
BRDA:216,27,1,0
BRDA:219,28,0,0
BRDA:219,28,1,0
BRDA:219,29,0,0
BRDA:219,29,1,0
BRDA:219,29,2,0
BRDA:225,30,0,0
BRDA:225,30,1,0
BRDA:230,31,0,0
BRDA:230,31,1,0
BRDA:233,32,0,0
BRDA:233,32,1,0
BRDA:233,33,0,0
BRDA:233,33,1,0
BRDA:233,33,2,0
BRDA:233,33,3,0
BRDA:251,34,0,0
BRDA:251,34,1,0
BRDA:263,35,0,0
BRDA:263,35,1,0
BRDA:271,36,0,0
BRDA:271,36,1,0
BRDA:271,37,0,0
BRDA:271,37,1,0
BRDA:271,37,2,0
BRDA:271,37,3,0
BRDA:271,37,4,0
BRDA:271,37,5,0
BRDA:281,38,0,0
BRDA:281,38,1,0
BRDA:285,39,0,0
BRDA:285,39,1,0
BRDA:285,40,0,0
BRDA:285,40,1,0
BRDA:285,40,2,0
BRDA:292,41,0,0
BRDA:292,41,1,0
BRDA:302,42,0,0
BRDA:302,42,1,0
BRDA:310,43,0,0
BRDA:310,43,1,0
BRDA:314,44,0,0
BRDA:314,44,1,0
BRDA:320,45,0,0
BRDA:320,45,1,0
BRDA:374,46,0,0
BRDA:374,46,1,0
BRDA:380,47,0,0
BRDA:380,47,1,0
BRDA:386,48,0,0
BRDA:386,48,1,0
BRDA:395,49,0,0
BRDA:395,49,1,0
BRDA:395,50,0,0
BRDA:395,50,1,0
BRF:111
BRH:0
end_of_record
TN:
SF:src\views\error404\error404.js
FN:11,(anonymous_0)
FN:16,(anonymous_1)
FN:19,(anonymous_2)
FN:29,Error404
FNF:4
FNH:0
FNDA:0,(anonymous_0)
FNDA:0,(anonymous_1)
FNDA:0,(anonymous_2)
FNDA:0,Error404
DA:8,1
DA:12,0
DA:13,0
DA:17,0
DA:20,0
DA:30,0
DA:31,0
LF:7
LH:1
BRF:0
BRH:0
end_of_record
TN:
SF:src\views\login\login.js
FN:19,(anonymous_0)
FN:30,(anonymous_1)
FN:39,(anonymous_2)
FN:52,(anonymous_3)
FN:60,(anonymous_4)
FN:71,(anonymous_5)
FN:122,(anonymous_6)
FN:141,(anonymous_7)
FN:154,(anonymous_8)
FN:163,Login
FNF:10
FNH:0
FNDA:0,(anonymous_0)
FNDA:0,(anonymous_1)
FNDA:0,(anonymous_2)
FNDA:0,(anonymous_3)
FNDA:0,(anonymous_4)
FNDA:0,(anonymous_5)
FNDA:0,(anonymous_6)
FNDA:0,(anonymous_7)
FNDA:0,(anonymous_8)
FNDA:0,Login
DA:15,1
DA:20,0
DA:21,0
DA:22,0
DA:23,0
DA:24,0
DA:30,0
DA:31,0
DA:37,0
DA:38,0
DA:39,0
DA:40,0
DA:41,0
DA:42,0
DA:43,0
DA:44,0
DA:46,0
DA:47,0
DA:48,0
DA:50,0
DA:53,0
DA:54,0
DA:60,0
DA:61,0
DA:63,0
DA:64,0
DA:66,0
DA:67,0
DA:72,0
DA:123,0
DA:124,0
DA:125,0
DA:126,0
DA:127,0
DA:142,0
DA:155,0
DA:164,0
DA:165,0
LF:38
LH:1
BRDA:40,0,0,0
BRDA:40,0,1,0
BRDA:40,1,0,0
BRDA:40,1,1,0
BRDA:40,1,2,0
BRDA:42,2,0,0
BRDA:42,2,1,0
BRDA:42,3,0,0
BRDA:42,3,1,0
BRDA:42,3,2,0
BRDA:44,4,0,0
BRDA:44,4,1,0
BRDA:44,5,0,0
BRDA:44,5,1,0
BRDA:44,5,2,0
BRDA:53,6,0,0
BRDA:53,6,1,0
BRDA:61,7,0,0
BRDA:61,7,1,0
BRF:19
BRH:0
end_of_record
TN:
SF:src\views\main\mainNotLogged.js
FN:39,MainNotLoggedIn
FN:50,(anonymous_1)
FN:56,(anonymous_2)
FNF:3
FNH:1
FNDA:2,MainNotLoggedIn
FNDA:0,(anonymous_1)
FNDA:0,(anonymous_2)
DA:36,1
DA:40,2
DA:41,1
DA:42,1
DA:43,0
DA:44,0
DA:50,0
DA:51,0
DA:52,0
DA:53,0
DA:57,0
DA:58,0
DA:62,1
LF:13
LH:5
BRDA:42,0,0,0
BRDA:42,0,1,1
BRDA:51,1,0,0
BRDA:51,1,1,0
BRDA:51,2,0,0
BRDA:51,2,1,0
BRDA:52,3,0,0
BRDA:52,3,1,0
BRDA:57,4,0,0
BRDA:57,4,1,0
BRF:10
BRH:1
end_of_record
TN:
SF:src\views\my_profile\MyProfile.js
FN:22,(anonymous_0)
FN:48,(anonymous_1)
FN:56,(anonymous_2)
FN:72,(anonymous_3)
FN:80,(anonymous_4)
FN:92,(anonymous_5)
FN:96,(anonymous_6)
FN:106,(anonymous_7)
FN:111,(anonymous_8)
FN:116,(anonymous_9)
FN:126,(anonymous_10)
FN:136,(anonymous_11)
FN:140,(anonymous_12)
FN:149,(anonymous_13)
FN:157,(anonymous_14)
FN:164,(anonymous_15)
FN:226,(anonymous_16)
FN:235,(anonymous_17)
FN:263,UsersProfile
FNF:19
FNH:0
FNDA:0,(anonymous_0)
FNDA:0,(anonymous_1)
FNDA:0,(anonymous_2)
FNDA:0,(anonymous_3)
FNDA:0,(anonymous_4)
FNDA:0,(anonymous_5)
FNDA:0,(anonymous_6)
FNDA:0,(anonymous_7)
FNDA:0,(anonymous_8)
FNDA:0,(anonymous_9)
FNDA:0,(anonymous_10)
FNDA:0,(anonymous_11)
FNDA:0,(anonymous_12)
FNDA:0,(anonymous_13)
FNDA:0,(anonymous_14)
FNDA:0,(anonymous_15)
FNDA:0,(anonymous_16)
FNDA:0,(anonymous_17)
FNDA:0,UsersProfile
DA:18,1
DA:23,0
DA:24,0
DA:25,0
DA:40,0
DA:41,0
DA:42,0
DA:48,0
DA:49,0
DA:50,0
DA:51,0
DA:53,0
DA:57,0
DA:58,0
DA:62,0
DA:65,0
DA:72,0
DA:73,0
DA:74,0
DA:75,0
DA:77,0
DA:81,0
DA:82,0
DA:85,0
DA:86,0
DA:93,0
DA:94,0
DA:97,0
DA:101,0
DA:102,0
DA:103,0
DA:106,0
DA:107,0
DA:108,0
DA:109,0
DA:110,0
DA:111,0
DA:112,0
DA:117,0
DA:118,0
DA:119,0
DA:120,0
DA:121,0
DA:122,0
DA:123,0
DA:127,0
DA:128,0
DA:129,0
DA:130,0
DA:131,0
DA:132,0
DA:133,0
DA:137,0
DA:138,0
DA:141,0
DA:142,0
DA:148,0
DA:149,0
DA:150,0
DA:151,0
DA:153,0
DA:154,0
DA:155,0
DA:158,0
DA:159,0
DA:165,0
DA:226,0
DA:235,0
DA:264,0
DA:266,0
LF:70
LH:1
BRDA:40,0,0,0
BRDA:40,0,1,0
BRDA:49,1,0,0
BRDA:49,1,1,0
BRDA:49,2,0,0
BRDA:49,2,1,0
BRDA:50,3,0,0
BRDA:50,3,1,0
BRDA:57,4,0,0
BRDA:57,4,1,0
BRDA:73,5,0,0
BRDA:73,5,1,0
BRDA:73,6,0,0
BRDA:73,6,1,0
BRDA:74,7,0,0
BRDA:74,7,1,0
BRDA:81,8,0,0
BRDA:81,8,1,0
BRDA:85,9,0,0
BRDA:85,9,1,0
BRDA:122,10,0,0
BRDA:122,10,1,0
BRDA:132,11,0,0
BRDA:132,11,1,0
BRDA:150,12,0,0
BRDA:150,12,1,0
BRDA:158,13,0,0
BRDA:158,13,1,0
BRDA:176,14,0,0
BRDA:176,14,1,0
BRDA:176,15,0,0
BRDA:176,15,1,0
BRDA:182,16,0,0
BRDA:182,16,1,0
BRDA:236,17,0,0
BRDA:236,17,1,0
BRF:36
BRH:0
end_of_record
TN:
SF:src\views\registration\Registration.js
FN:16,(anonymous_0)
FN:45,(anonymous_1)
FN:66,(anonymous_2)
FN:74,(anonymous_3)
FN:91,(anonymous_4)
FN:109,(anonymous_5)
FN:126,(anonymous_6)
FN:144,(anonymous_7)
FN:161,(anonymous_8)
FN:207,(anonymous_9)
FN:288,(anonymous_10)
FN:306,(anonymous_11)
FN:315,(anonymous_12)
FN:324,(anonymous_13)
FN:332,(anonymous_14)
FN:350,(anonymous_15)
FN:378,(anonymous_16)
FN:398,(anonymous_17)
FN:411,(anonymous_18)
FN:420,(anonymous_19)
FN:420,(anonymous_20)
FN:431,(anonymous_21)
FN:445,Registration
FNF:23
FNH:0
FNDA:0,(anonymous_0)
FNDA:0,(anonymous_1)
FNDA:0,(anonymous_2)
FNDA:0,(anonymous_3)
FNDA:0,(anonymous_4)
FNDA:0,(anonymous_5)
FNDA:0,(anonymous_6)
FNDA:0,(anonymous_7)
FNDA:0,(anonymous_8)
FNDA:0,(anonymous_9)
FNDA:0,(anonymous_10)
FNDA:0,(anonymous_11)
FNDA:0,(anonymous_12)
FNDA:0,(anonymous_13)
FNDA:0,(anonymous_14)
FNDA:0,(anonymous_15)
FNDA:0,(anonymous_16)
FNDA:0,(anonymous_17)
FNDA:0,(anonymous_18)
FNDA:0,(anonymous_19)
FNDA:0,(anonymous_20)
FNDA:0,(anonymous_21)
FNDA:0,Registration
DA:12,1
DA:17,0
DA:18,0
DA:19,0
DA:20,0
DA:37,0
DA:46,0
DA:47,0
DA:48,0
DA:49,0
DA:50,0
DA:51,0
DA:52,0
DA:53,0
DA:54,0
DA:55,0
DA:56,0
DA:57,0
DA:58,0
DA:59,0
DA:60,0
DA:61,0
DA:67,0
DA:68,0
DA:70,0
DA:75,0
DA:76,0
DA:77,0
DA:78,0
DA:79,0
DA:81,0
DA:82,0
DA:84,0
DA:85,0
DA:87,0
DA:88,0
DA:91,0
DA:94,0
DA:96,0
DA:97,0
DA:98,0
DA:99,0
DA:100,0
DA:102,0
DA:103,0
DA:104,0
DA:105,0
DA:106,0
DA:108,0
DA:109,0
DA:110,0
DA:111,0
DA:112,0
DA:113,0
DA:115,0
DA:117,0
DA:118,0
DA:119,0
DA:120,0
DA:122,0
DA:125,0
DA:127,0
DA:128,0
DA:131,0
DA:132,0
DA:133,0
DA:134,0
DA:135,0
DA:137,0
DA:138,0
DA:139,0
DA:140,0
DA:141,0
DA:143,0
DA:144,0
DA:145,0
DA:146,0
DA:147,0
DA:148,0
DA:150,0
DA:152,0
DA:153,0
DA:154,0
DA:155,0
DA:157,0
DA:160,0
DA:162,0
DA:163,0
DA:166,0
DA:167,0
DA:168,0
DA:169,0
DA:170,0
DA:172,0
DA:173,0
DA:174,0
DA:175,0
DA:176,0
DA:178,0
DA:179,0
DA:180,0
DA:181,0
DA:182,0
DA:183,0
DA:184,0
DA:186,0
DA:188,0
DA:189,0
DA:190,0
DA:192,0
DA:194,0
DA:196,0
DA:197,0
DA:198,0
DA:199,0
DA:201,0
DA:203,0
DA:208,0
DA:289,0
DA:290,0
DA:291,0
DA:292,0
DA:293,0
DA:307,0
DA:308,0
DA:314,0
DA:315,0
DA:316,0
DA:317,0
DA:319,0
DA:320,0
DA:322,0
DA:325,0
DA:326,0
DA:333,0
DA:334,0
DA:335,0
DA:336,0
DA:337,0
DA:338,0
DA:339,0
DA:341,0
DA:344,0
DA:345,0
DA:351,0
DA:379,0
DA:380,0
DA:381,0
DA:382,0
DA:383,0
DA:384,0
DA:399,0
DA:412,0
DA:418,0
DA:419,0
DA:420,0
DA:421,0
DA:422,0
DA:425,0
DA:432,0
DA:446,0
DA:447,0
LF:162
LH:1
BRDA:46,0,0,0
BRDA:46,0,1,0
BRDA:47,1,0,0
BRDA:47,1,1,0
BRDA:47,2,0,0
BRDA:47,2,1,0
BRDA:47,2,2,0
BRDA:47,2,3,0
BRDA:47,2,4,0
BRDA:47,2,5,0
BRDA:47,2,6,0
BRDA:47,2,7,0
BRDA:47,2,8,0
BRDA:50,3,0,0
BRDA:50,3,1,0
BRDA:50,4,0,0
BRDA:50,4,1,0
BRDA:50,4,2,0
BRDA:50,4,3,0
BRDA:52,5,0,0
BRDA:52,5,1,0
BRDA:52,6,0,0
BRDA:52,6,1,0
BRDA:52,6,2,0
BRDA:54,7,0,0
BRDA:54,7,1,0
BRDA:56,8,0,0
BRDA:56,8,1,0
BRDA:58,9,0,0
BRDA:58,9,1,0
BRDA:60,10,0,0
BRDA:60,10,1,0
BRDA:67,11,0,0
BRDA:67,11,1,0
BRDA:78,12,0,0
BRDA:78,12,1,0
BRDA:81,13,0,0
BRDA:81,13,1,0
BRDA:84,14,0,0
BRDA:84,14,1,0
BRDA:94,15,0,0
BRDA:94,15,1,0
BRDA:94,15,2,0
BRDA:94,15,3,0
BRDA:94,15,4,0
BRDA:94,15,5,0
BRDA:94,15,6,0
BRDA:94,15,7,0
BRDA:110,16,0,0
BRDA:110,16,1,0
BRDA:110,17,0,0
BRDA:110,17,1,0
BRDA:111,18,0,0
BRDA:111,18,1,0
BRDA:117,19,0,0
BRDA:117,19,1,0
BRDA:117,20,0,0
BRDA:117,20,1,0
BRDA:118,21,0,0
BRDA:118,21,1,0
BRDA:127,22,0,0
BRDA:127,22,1,0
BRDA:145,23,0,0
BRDA:145,23,1,0
BRDA:145,24,0,0
BRDA:145,24,1,0
BRDA:146,25,0,0
BRDA:146,25,1,0
BRDA:152,26,0,0
BRDA:152,26,1,0
BRDA:152,27,0,0
BRDA:152,27,1,0
BRDA:153,28,0,0
BRDA:153,28,1,0
BRDA:162,29,0,0
BRDA:162,29,1,0
BRDA:183,30,0,0
BRDA:183,30,1,0
BRDA:183,31,0,0
BRDA:183,31,1,0
BRDA:183,31,2,0
BRDA:189,32,0,0
BRDA:189,32,1,0
BRDA:198,33,0,0
BRDA:198,33,1,0
BRDA:198,34,0,0
BRDA:198,34,1,0
BRDA:198,34,2,0
BRDA:198,34,3,0
BRDA:254,35,0,0
BRDA:254,35,1,0
BRDA:260,36,0,0
BRDA:260,36,1,0
BRDA:266,37,0,0
BRDA:266,37,1,0
BRDA:307,38,0,0
BRDA:307,38,1,0
BRDA:316,39,0,0
BRDA:316,39,1,0
BRDA:316,40,0,0
BRDA:316,40,1,0
BRDA:316,40,2,0
BRDA:325,41,0,0
BRDA:325,41,1,0
BRDA:334,42,0,0
BRDA:334,42,1,0
BRDA:338,43,0,0
BRDA:338,43,1,0
BRDA:344,44,0,0
BRDA:344,44,1,0
BRDA:421,45,0,0
BRDA:421,45,1,0
BRF:112
BRH:0
end_of_record
TN:
SF:src\views\users_profile\users_profile.js
FN:20,(anonymous_0)
FN:45,(anonymous_1)
FN:54,(anonymous_2)
FN:78,(anonymous_3)
FN:83,(anonymous_4)
FN:89,(anonymous_5)
FN:97,(anonymous_6)
FN:110,(anonymous_7)
FN:116,(anonymous_8)
FN:123,(anonymous_9)
FN:141,(anonymous_10)
FN:154,(anonymous_11)
FN:159,(anonymous_12)
FN:164,(anonymous_13)
FN:188,(anonymous_14)
FN:197,(anonymous_15)
FN:197,(anonymous_16)
FN:212,(anonymous_17)
FN:212,(anonymous_18)
FN:222,(anonymous_19)
FN:223,(anonymous_20)
FN:224,(anonymous_21)
FN:227,(anonymous_22)
FN:303,(anonymous_23)
FN:338,(anonymous_24)
FN:340,(anonymous_25)
FN:370,UsersProfile
FNF:27
FNH:0
FNDA:0,(anonymous_0)
FNDA:0,(anonymous_1)
FNDA:0,(anonymous_2)
FNDA:0,(anonymous_3)
FNDA:0,(anonymous_4)
FNDA:0,(anonymous_5)
FNDA:0,(anonymous_6)
FNDA:0,(anonymous_7)
FNDA:0,(anonymous_8)
FNDA:0,(anonymous_9)
FNDA:0,(anonymous_10)
FNDA:0,(anonymous_11)
FNDA:0,(anonymous_12)
FNDA:0,(anonymous_13)
FNDA:0,(anonymous_14)
FNDA:0,(anonymous_15)
FNDA:0,(anonymous_16)
FNDA:0,(anonymous_17)
FNDA:0,(anonymous_18)
FNDA:0,(anonymous_19)
FNDA:0,(anonymous_20)
FNDA:0,(anonymous_21)
FNDA:0,(anonymous_22)
FNDA:0,(anonymous_23)
FNDA:0,(anonymous_24)
FNDA:0,(anonymous_25)
FNDA:0,UsersProfile
DA:16,1
DA:21,0
DA:22,0
DA:23,0
DA:37,0
DA:38,0
DA:39,0
DA:45,0
DA:46,0
DA:47,0
DA:48,0
DA:51,0
DA:55,0
DA:56,0
DA:60,0
DA:63,0
DA:71,0
DA:72,0
DA:79,0
DA:81,0
DA:84,0
DA:89,0
DA:90,0
DA:91,0
DA:92,0
DA:94,0
DA:98,0
DA:99,0
DA:103,0
DA:109,0
DA:110,0
DA:111,0
DA:112,0
DA:114,0
DA:117,0
DA:118,0
DA:123,0
DA:125,0
DA:126,0
DA:127,0
DA:128,0
DA:129,0
DA:131,0
DA:132,0
DA:133,0
DA:136,0
DA:137,0
DA:139,0
DA:140,0
DA:142,0
DA:143,0
DA:147,0
DA:148,0
DA:149,0
DA:150,0
DA:154,0
DA:155,0
DA:156,0
DA:157,0
DA:158,0
DA:159,0
DA:160,0
DA:165,0
DA:166,0
DA:167,0
DA:168,0
DA:169,0
DA:170,0
DA:171,0
DA:172,0
DA:173,0
DA:175,0
DA:176,0
DA:177,0
DA:178,0
DA:179,0
DA:181,0
DA:182,0
DA:183,0
DA:189,0
DA:190,0
DA:196,0
DA:197,0
DA:198,0
DA:199,0
DA:202,0
DA:203,0
DA:205,0
DA:211,0
DA:212,0
DA:213,0
DA:214,0
DA:217,0
DA:218,0
DA:222,0
DA:223,0
DA:224,0
DA:228,0
DA:303,0
DA:339,0
DA:341,0
DA:342,0
DA:371,0
DA:372,0
DA:374,0
LF:105
LH:1
BRDA:37,0,0,0
BRDA:37,0,1,0
BRDA:46,1,0,0
BRDA:46,1,1,0
BRDA:46,2,0,0
BRDA:46,2,1,0
BRDA:47,3,0,0
BRDA:47,3,1,0
BRDA:55,4,0,0
BRDA:55,4,1,0
BRDA:71,5,0,0
BRDA:71,5,1,0
BRDA:90,6,0,0
BRDA:90,6,1,0
BRDA:90,7,0,0
BRDA:90,7,1,0
BRDA:91,8,0,0
BRDA:91,8,1,0
BRDA:98,9,0,0
BRDA:98,9,1,0
BRDA:111,10,0,0
BRDA:111,10,1,0
BRDA:117,11,0,0
BRDA:117,11,1,0
BRDA:128,12,0,0
BRDA:128,12,1,0
BRDA:136,13,0,0
BRDA:136,13,1,0
BRDA:142,14,0,0
BRDA:142,14,1,0
BRDA:166,15,0,0
BRDA:166,15,1,0
BRDA:170,16,0,0
BRDA:170,16,1,0
BRDA:176,17,0,0
BRDA:176,17,1,0
BRDA:189,18,0,0
BRDA:189,18,1,0
BRDA:198,19,0,0
BRDA:198,19,1,0
BRDA:213,20,0,0
BRDA:213,20,1,0
BRDA:275,21,0,0
BRDA:275,21,1,0
BRDA:275,22,0,0
BRDA:275,22,1,0
BRDA:279,23,0,0
BRDA:279,23,1,0
BRDA:296,24,0,0
BRDA:296,24,1,0
BRDA:297,25,0,0
BRDA:297,25,1,0
BRDA:298,26,0,0
BRDA:298,26,1,0
BRDA:335,27,0,0
BRDA:335,27,1,0
BRDA:344,28,0,0
BRDA:344,28,1,0
BRDA:344,29,0,0
BRDA:344,29,1,0
BRF:60
BRH:0
end_of_record
